{"C:\\Users\\benja\\projects\\medio\\backend\\src\\app.js": {"path":"C:\\Users\\benja\\projects\\medio\\backend\\src\\app.js","statementMap":{"0":{"start":{"line":8,"column":16},"end":{"line":8,"column":34}},"1":{"start":{"line":9,"column":13},"end":{"line":9,"column":28}},"2":{"start":{"line":10,"column":21},"end":{"line":10,"column":45}},"3":{"start":{"line":11,"column":18},"end":{"line":11,"column":47}},"4":{"start":{"line":12,"column":0},"end":{"line":12,"column":27}},"5":{"start":{"line":15,"column":0},"end":{"line":23,"column":1}},"6":{"start":{"line":17,"column":2},"end":{"line":17,"column":36}},"7":{"start":{"line":18,"column":2},"end":{"line":18,"column":34}},"8":{"start":{"line":19,"column":2},"end":{"line":19,"column":36}},"9":{"start":{"line":20,"column":2},"end":{"line":20,"column":44}},"10":{"start":{"line":21,"column":2},"end":{"line":21,"column":94}},"11":{"start":{"line":22,"column":2},"end":{"line":22,"column":51}},"12":{"start":{"line":25,"column":19},"end":{"line":25,"column":43}},"13":{"start":{"line":26,"column":20},"end":{"line":26,"column":46}},"14":{"start":{"line":27,"column":18},"end":{"line":27,"column":41}},"15":{"start":{"line":28,"column":22},"end":{"line":28,"column":50}},"16":{"start":{"line":29,"column":22},"end":{"line":29,"column":50}},"17":{"start":{"line":30,"column":23},"end":{"line":30,"column":52}},"18":{"start":{"line":32,"column":12},"end":{"line":32,"column":21}},"19":{"start":{"line":35,"column":0},"end":{"line":35,"column":26}},"20":{"start":{"line":38,"column":0},"end":{"line":41,"column":4}},"21":{"start":{"line":43,"column":0},"end":{"line":43,"column":24}},"22":{"start":{"line":44,"column":0},"end":{"line":44,"column":48}},"23":{"start":{"line":45,"column":0},"end":{"line":45,"column":66}},"24":{"start":{"line":48,"column":24},"end":{"line":53,"column":2}},"25":{"start":{"line":55,"column":0},"end":{"line":55,"column":49}},"26":{"start":{"line":58,"column":0},"end":{"line":58,"column":33}},"27":{"start":{"line":59,"column":0},"end":{"line":59,"column":36}},"28":{"start":{"line":60,"column":0},"end":{"line":60,"column":31}},"29":{"start":{"line":61,"column":0},"end":{"line":61,"column":40}},"30":{"start":{"line":62,"column":0},"end":{"line":62,"column":40}},"31":{"start":{"line":63,"column":0},"end":{"line":63,"column":42}},"32":{"start":{"line":66,"column":0},"end":{"line":68,"column":3}},"33":{"start":{"line":67,"column":2},"end":{"line":67,"column":34}},"34":{"start":{"line":71,"column":0},"end":{"line":84,"column":1}},"35":{"start":{"line":72,"column":32},"end":{"line":72,"column":60}},"36":{"start":{"line":75,"column":2},"end":{"line":83,"column":3}},"37":{"start":{"line":77,"column":4},"end":{"line":82,"column":7}},"38":{"start":{"line":78,"column":6},"end":{"line":80,"column":7}},"39":{"start":{"line":79,"column":8},"end":{"line":79,"column":56}},"40":{"start":{"line":81,"column":6},"end":{"line":81,"column":13}},"41":{"start":{"line":87,"column":0},"end":{"line":94,"column":3}},"42":{"start":{"line":88,"column":2},"end":{"line":88,"column":39}},"43":{"start":{"line":90,"column":2},"end":{"line":93,"column":5}},"44":{"start":{"line":97,"column":0},"end":{"line":102,"column":3}},"45":{"start":{"line":98,"column":2},"end":{"line":101,"column":5}},"46":{"start":{"line":104,"column":0},"end":{"line":104,"column":21}}},"fnMap":{"0":{"name":"(anonymous_0)","decl":{"start":{"line":66,"column":23},"end":{"line":66,"column":24}},"loc":{"start":{"line":66,"column":37},"end":{"line":68,"column":1}},"line":66},"1":{"name":"(anonymous_1)","decl":{"start":{"line":77,"column":12},"end":{"line":77,"column":13}},"loc":{"start":{"line":77,"column":32},"end":{"line":82,"column":5}},"line":77},"2":{"name":"(anonymous_2)","decl":{"start":{"line":87,"column":8},"end":{"line":87,"column":9}},"loc":{"start":{"line":87,"column":33},"end":{"line":94,"column":1}},"line":87},"3":{"name":"(anonymous_3)","decl":{"start":{"line":97,"column":8},"end":{"line":97,"column":9}},"loc":{"start":{"line":97,"column":22},"end":{"line":102,"column":1}},"line":97}},"branchMap":{"0":{"loc":{"start":{"line":15,"column":0},"end":{"line":23,"column":1}},"type":"if","locations":[{"start":{"line":15,"column":0},"end":{"line":23,"column":1}},{"start":{},"end":{}}],"line":15},"1":{"loc":{"start":{"line":15,"column":4},"end":{"line":15,"column":59}},"type":"binary-expr","locations":[{"start":{"line":15,"column":4},"end":{"line":15,"column":35}},{"start":{"line":15,"column":39},"end":{"line":15,"column":59}}],"line":15},"2":{"loc":{"start":{"line":45,"column":21},"end":{"line":45,"column":63}},"type":"binary-expr","locations":[{"start":{"line":45,"column":21},"end":{"line":45,"column":46}},{"start":{"line":45,"column":50},"end":{"line":45,"column":63}}],"line":45},"3":{"loc":{"start":{"line":71,"column":0},"end":{"line":84,"column":1}},"type":"if","locations":[{"start":{"line":71,"column":0},"end":{"line":84,"column":1}},{"start":{},"end":{}}],"line":71},"4":{"loc":{"start":{"line":75,"column":2},"end":{"line":83,"column":3}},"type":"if","locations":[{"start":{"line":75,"column":2},"end":{"line":83,"column":3}},{"start":{},"end":{}}],"line":75},"5":{"loc":{"start":{"line":78,"column":6},"end":{"line":80,"column":7}},"type":"if","locations":[{"start":{"line":78,"column":6},"end":{"line":80,"column":7}},{"start":{},"end":{}}],"line":78},"6":{"loc":{"start":{"line":90,"column":13},"end":{"line":90,"column":30}},"type":"binary-expr","locations":[{"start":{"line":90,"column":13},"end":{"line":90,"column":23}},{"start":{"line":90,"column":27},"end":{"line":90,"column":30}}],"line":90},"7":{"loc":{"start":{"line":92,"column":11},"end":{"line":92,"column":49}},"type":"binary-expr","locations":[{"start":{"line":92,"column":11},"end":{"line":92,"column":22}},{"start":{"line":92,"column":26},"end":{"line":92,"column":49}}],"line":92}},"s":{"0":0,"1":0,"2":0,"3":0,"4":0,"5":0,"6":0,"7":0,"8":0,"9":0,"10":0,"11":0,"12":0,"13":0,"14":0,"15":0,"16":0,"17":0,"18":0,"19":0,"20":0,"21":0,"22":0,"23":0,"24":0,"25":0,"26":0,"27":0,"28":0,"29":0,"30":0,"31":0,"32":0,"33":0,"34":0,"35":0,"36":0,"37":0,"38":0,"39":0,"40":0,"41":0,"42":0,"43":0,"44":0,"45":0,"46":0},"f":{"0":0,"1":0,"2":0,"3":0},"b":{"0":[0,0],"1":[0,0],"2":[0,0],"3":[0,0],"4":[0,0],"5":[0,0],"6":[0,0],"7":[0,0]}}
,"C:\\Users\\benja\\projects\\medio\\backend\\src\\server.js": {"path":"C:\\Users\\benja\\projects\\medio\\backend\\src\\server.js","statementMap":{"0":{"start":{"line":1,"column":16},"end":{"line":1,"column":34}},"1":{"start":{"line":2,"column":13},"end":{"line":2,"column":28}},"2":{"start":{"line":3,"column":15},"end":{"line":3,"column":32}},"3":{"start":{"line":4,"column":18},"end":{"line":4,"column":47}},"4":{"start":{"line":5,"column":21},"end":{"line":5,"column":45}},"5":{"start":{"line":6,"column":13},"end":{"line":6,"column":29}},"6":{"start":{"line":7,"column":15},"end":{"line":7,"column":32}},"7":{"start":{"line":8,"column":0},"end":{"line":8,"column":27}},"8":{"start":{"line":10,"column":19},"end":{"line":10,"column":43}},"9":{"start":{"line":11,"column":20},"end":{"line":11,"column":46}},"10":{"start":{"line":12,"column":18},"end":{"line":12,"column":41}},"11":{"start":{"line":13,"column":22},"end":{"line":13,"column":50}},"12":{"start":{"line":14,"column":22},"end":{"line":14,"column":50}},"13":{"start":{"line":15,"column":23},"end":{"line":15,"column":52}},"14":{"start":{"line":16,"column":33},"end":{"line":16,"column":58}},"15":{"start":{"line":17,"column":15},"end":{"line":17,"column":40}},"16":{"start":{"line":18,"column":46},"end":{"line":18,"column":71}},"17":{"start":{"line":20,"column":12},"end":{"line":20,"column":21}},"18":{"start":{"line":23,"column":0},"end":{"line":23,"column":26}},"19":{"start":{"line":24,"column":13},"end":{"line":24,"column":37}},"20":{"start":{"line":27,"column":0},"end":{"line":27,"column":16}},"21":{"start":{"line":30,"column":0},"end":{"line":34,"column":1}},"22":{"start":{"line":31,"column":2},"end":{"line":31,"column":102}},"23":{"start":{"line":32,"column":2},"end":{"line":32,"column":127}},"24":{"start":{"line":33,"column":2},"end":{"line":33,"column":18}},"25":{"start":{"line":37,"column":0},"end":{"line":41,"column":1}},"26":{"start":{"line":38,"column":2},"end":{"line":38,"column":75}},"27":{"start":{"line":39,"column":2},"end":{"line":39,"column":95}},"28":{"start":{"line":40,"column":2},"end":{"line":40,"column":18}},"29":{"start":{"line":44,"column":0},"end":{"line":47,"column":3}},"30":{"start":{"line":45,"column":2},"end":{"line":45,"column":74}},"31":{"start":{"line":46,"column":2},"end":{"line":46,"column":9}},"32":{"start":{"line":50,"column":0},"end":{"line":50,"column":55}},"33":{"start":{"line":53,"column":0},"end":{"line":72,"column":4}},"34":{"start":{"line":57,"column":41},"end":{"line":57,"column":70}},"35":{"start":{"line":58,"column":42},"end":{"line":58,"column":71}},"36":{"start":{"line":75,"column":20},"end":{"line":96,"column":1}},"37":{"start":{"line":77,"column":27},"end":{"line":79,"column":58}},"38":{"start":{"line":82,"column":4},"end":{"line":84,"column":5}},"39":{"start":{"line":83,"column":6},"end":{"line":83,"column":34}},"40":{"start":{"line":86,"column":4},"end":{"line":90,"column":5}},"41":{"start":{"line":87,"column":6},"end":{"line":87,"column":27}},"42":{"start":{"line":89,"column":6},"end":{"line":89,"column":49}},"43":{"start":{"line":98,"column":0},"end":{"line":98,"column":27}},"44":{"start":{"line":101,"column":16},"end":{"line":104,"column":2}},"45":{"start":{"line":107,"column":20},"end":{"line":113,"column":2}},"46":{"start":{"line":116,"column":30},"end":{"line":122,"column":2}},"47":{"start":{"line":124,"column":0},"end":{"line":124,"column":26}},"48":{"start":{"line":125,"column":0},"end":{"line":125,"column":40}},"49":{"start":{"line":126,"column":0},"end":{"line":126,"column":43}},"50":{"start":{"line":127,"column":0},"end":{"line":127,"column":38}},"51":{"start":{"line":128,"column":0},"end":{"line":128,"column":41}},"52":{"start":{"line":131,"column":0},"end":{"line":131,"column":61}},"53":{"start":{"line":132,"column":0},"end":{"line":132,"column":59}},"54":{"start":{"line":133,"column":0},"end":{"line":133,"column":65}},"55":{"start":{"line":134,"column":0},"end":{"line":134,"column":55}},"56":{"start":{"line":137,"column":0},"end":{"line":137,"column":24}},"57":{"start":{"line":138,"column":0},"end":{"line":138,"column":48}},"58":{"start":{"line":139,"column":0},"end":{"line":139,"column":49}},"59":{"start":{"line":144,"column":21},"end":{"line":144,"column":58}},"60":{"start":{"line":146,"column":23},"end":{"line":159,"column":2}},"61":{"start":{"line":157,"column":4},"end":{"line":157,"column":76}},"62":{"start":{"line":162,"column":0},"end":{"line":164,"column":3}},"63":{"start":{"line":163,"column":2},"end":{"line":163,"column":43}},"64":{"start":{"line":167,"column":25},"end":{"line":180,"column":1}},"65":{"start":{"line":183,"column":0},"end":{"line":190,"column":3}},"66":{"start":{"line":185,"column":2},"end":{"line":187,"column":3}},"67":{"start":{"line":185,"column":60},"end":{"line":185,"column":85}},"68":{"start":{"line":186,"column":4},"end":{"line":186,"column":18}},"69":{"start":{"line":189,"column":2},"end":{"line":189,"column":33}},"70":{"start":{"line":193,"column":20},"end":{"line":193,"column":51}},"71":{"start":{"line":194,"column":18},"end":{"line":194,"column":39}},"72":{"start":{"line":196,"column":0},"end":{"line":196,"column":41}},"73":{"start":{"line":197,"column":0},"end":{"line":197,"column":44}},"74":{"start":{"line":198,"column":0},"end":{"line":198,"column":39}},"75":{"start":{"line":199,"column":0},"end":{"line":199,"column":48}},"76":{"start":{"line":200,"column":0},"end":{"line":200,"column":48}},"77":{"start":{"line":201,"column":0},"end":{"line":201,"column":50}},"78":{"start":{"line":204,"column":0},"end":{"line":204,"column":33}},"79":{"start":{"line":205,"column":0},"end":{"line":205,"column":36}},"80":{"start":{"line":206,"column":0},"end":{"line":206,"column":31}},"81":{"start":{"line":207,"column":0},"end":{"line":207,"column":40}},"82":{"start":{"line":208,"column":0},"end":{"line":208,"column":40}},"83":{"start":{"line":209,"column":0},"end":{"line":209,"column":42}},"84":{"start":{"line":212,"column":20},"end":{"line":236,"column":1}},"85":{"start":{"line":213,"column":15},"end":{"line":213,"column":35}},"86":{"start":{"line":214,"column":18},"end":{"line":214,"column":23}},"87":{"start":{"line":216,"column":2},"end":{"line":222,"column":3}},"88":{"start":{"line":218,"column":19},"end":{"line":218,"column":47}},"89":{"start":{"line":219,"column":4},"end":{"line":219,"column":30}},"90":{"start":{"line":221,"column":4},"end":{"line":221,"column":56}},"91":{"start":{"line":224,"column":17},"end":{"line":233,"column":3}},"92":{"start":{"line":235,"column":2},"end":{"line":235,"column":49}},"93":{"start":{"line":239,"column":0},"end":{"line":239,"column":36}},"94":{"start":{"line":240,"column":0},"end":{"line":240,"column":51}},"95":{"start":{"line":243,"column":0},"end":{"line":243,"column":27}},"96":{"start":{"line":246,"column":0},"end":{"line":273,"column":3}},"97":{"start":{"line":248,"column":2},"end":{"line":255,"column":5}},"98":{"start":{"line":258,"column":24},"end":{"line":258,"column":62}},"99":{"start":{"line":259,"column":23},"end":{"line":259,"column":60}},"100":{"start":{"line":262,"column":2},"end":{"line":266,"column":3}},"101":{"start":{"line":263,"column":4},"end":{"line":265,"column":7}},"102":{"start":{"line":268,"column":2},"end":{"line":272,"column":5}},"103":{"start":{"line":275,"column":0},"end":{"line":277,"column":3}},"104":{"start":{"line":276,"column":2},"end":{"line":276,"column":51}}},"fnMap":{"0":{"name":"(anonymous_0)","decl":{"start":{"line":44,"column":8},"end":{"line":44,"column":9}},"loc":{"start":{"line":44,"column":28},"end":{"line":47,"column":1}},"line":44},"1":{"name":"(anonymous_1)","decl":{"start":{"line":57,"column":27},"end":{"line":57,"column":28}},"loc":{"start":{"line":57,"column":41},"end":{"line":57,"column":70}},"line":57},"2":{"name":"(anonymous_2)","decl":{"start":{"line":58,"column":28},"end":{"line":58,"column":29}},"loc":{"start":{"line":58,"column":42},"end":{"line":58,"column":71}},"line":58},"3":{"name":"(anonymous_3)","decl":{"start":{"line":76,"column":10},"end":{"line":76,"column":11}},"loc":{"start":{"line":76,"column":38},"end":{"line":91,"column":3}},"line":76},"4":{"name":"(anonymous_4)","decl":{"start":{"line":154,"column":9},"end":{"line":154,"column":10}},"loc":{"start":{"line":154,"column":18},"end":{"line":158,"column":3}},"line":154},"5":{"name":"(anonymous_5)","decl":{"start":{"line":162,"column":43},"end":{"line":162,"column":44}},"loc":{"start":{"line":162,"column":57},"end":{"line":164,"column":1}},"line":162},"6":{"name":"(anonymous_6)","decl":{"start":{"line":183,"column":8},"end":{"line":183,"column":9}},"loc":{"start":{"line":183,"column":28},"end":{"line":190,"column":1}},"line":183},"7":{"name":"(anonymous_7)","decl":{"start":{"line":185,"column":52},"end":{"line":185,"column":53}},"loc":{"start":{"line":185,"column":60},"end":{"line":185,"column":85}},"line":185},"8":{"name":"(anonymous_8)","decl":{"start":{"line":212,"column":20},"end":{"line":212,"column":21}},"loc":{"start":{"line":212,"column":40},"end":{"line":236,"column":1}},"line":212},"9":{"name":"(anonymous_9)","decl":{"start":{"line":246,"column":8},"end":{"line":246,"column":9}},"loc":{"start":{"line":246,"column":33},"end":{"line":273,"column":1}},"line":246},"10":{"name":"(anonymous_10)","decl":{"start":{"line":275,"column":17},"end":{"line":275,"column":18}},"loc":{"start":{"line":275,"column":23},"end":{"line":277,"column":1}},"line":275}},"branchMap":{"0":{"loc":{"start":{"line":24,"column":13},"end":{"line":24,"column":37}},"type":"binary-expr","locations":[{"start":{"line":24,"column":13},"end":{"line":24,"column":29}},{"start":{"line":24,"column":33},"end":{"line":24,"column":37}}],"line":24},"1":{"loc":{"start":{"line":30,"column":0},"end":{"line":34,"column":1}},"type":"if","locations":[{"start":{"line":30,"column":0},"end":{"line":34,"column":1}},{"start":{},"end":{}}],"line":30},"2":{"loc":{"start":{"line":37,"column":0},"end":{"line":41,"column":1}},"type":"if","locations":[{"start":{"line":37,"column":0},"end":{"line":41,"column":1}},{"start":{},"end":{}}],"line":37},"3":{"loc":{"start":{"line":77,"column":27},"end":{"line":79,"column":58}},"type":"cond-expr","locations":[{"start":{"line":78,"column":8},"end":{"line":78,"column":46}},{"start":{"line":79,"column":8},"end":{"line":79,"column":58}}],"line":77},"4":{"loc":{"start":{"line":82,"column":4},"end":{"line":84,"column":5}},"type":"if","locations":[{"start":{"line":82,"column":4},"end":{"line":84,"column":5}},{"start":{},"end":{}}],"line":82},"5":{"loc":{"start":{"line":82,"column":8},"end":{"line":82,"column":56}},"type":"binary-expr","locations":[{"start":{"line":82,"column":8},"end":{"line":82,"column":15}},{"start":{"line":82,"column":19},"end":{"line":82,"column":56}}],"line":82},"6":{"loc":{"start":{"line":86,"column":4},"end":{"line":90,"column":5}},"type":"if","locations":[{"start":{"line":86,"column":4},"end":{"line":90,"column":5}},{"start":{"line":88,"column":11},"end":{"line":90,"column":5}}],"line":86},"7":{"loc":{"start":{"line":86,"column":8},"end":{"line":86,"column":56}},"type":"binary-expr","locations":[{"start":{"line":86,"column":8},"end":{"line":86,"column":15}},{"start":{"line":86,"column":19},"end":{"line":86,"column":56}}],"line":86},"8":{"loc":{"start":{"line":150,"column":14},"end":{"line":150,"column":43}},"type":"cond-expr","locations":[{"start":{"line":150,"column":29},"end":{"line":150,"column":35}},{"start":{"line":150,"column":38},"end":{"line":150,"column":43}}],"line":150},"9":{"loc":{"start":{"line":157,"column":11},"end":{"line":157,"column":75}},"type":"binary-expr","locations":[{"start":{"line":157,"column":11},"end":{"line":157,"column":38}},{"start":{"line":157,"column":42},"end":{"line":157,"column":56}},{"start":{"line":157,"column":60},"end":{"line":157,"column":75}}],"line":157},"10":{"loc":{"start":{"line":185,"column":2},"end":{"line":187,"column":3}},"type":"if","locations":[{"start":{"line":185,"column":2},"end":{"line":187,"column":3}},{"start":{},"end":{}}],"line":185},"11":{"loc":{"start":{"line":185,"column":6},"end":{"line":185,"column":86}},"type":"binary-expr","locations":[{"start":{"line":185,"column":6},"end":{"line":185,"column":26}},{"start":{"line":185,"column":30},"end":{"line":185,"column":86}}],"line":185},"12":{"loc":{"start":{"line":193,"column":20},"end":{"line":193,"column":51}},"type":"binary-expr","locations":[{"start":{"line":193,"column":20},"end":{"line":193,"column":43}},{"start":{"line":193,"column":47},"end":{"line":193,"column":51}}],"line":193},"13":{"loc":{"start":{"line":225,"column":12},"end":{"line":225,"column":46}},"type":"cond-expr","locations":[{"start":{"line":225,"column":24},"end":{"line":225,"column":33}},{"start":{"line":225,"column":36},"end":{"line":225,"column":46}}],"line":225},"14":{"loc":{"start":{"line":230,"column":16},"end":{"line":230,"column":51}},"type":"cond-expr","locations":[{"start":{"line":230,"column":28},"end":{"line":230,"column":37}},{"start":{"line":230,"column":40},"end":{"line":230,"column":51}}],"line":230},"15":{"loc":{"start":{"line":231,"column":14},"end":{"line":231,"column":70}},"type":"cond-expr","locations":[{"start":{"line":231,"column":39},"end":{"line":231,"column":51}},{"start":{"line":231,"column":54},"end":{"line":231,"column":70}}],"line":231},"16":{"loc":{"start":{"line":235,"column":13},"end":{"line":235,"column":34}},"type":"cond-expr","locations":[{"start":{"line":235,"column":25},"end":{"line":235,"column":28}},{"start":{"line":235,"column":31},"end":{"line":235,"column":34}}],"line":235},"17":{"loc":{"start":{"line":262,"column":2},"end":{"line":266,"column":3}},"type":"if","locations":[{"start":{"line":262,"column":2},"end":{"line":266,"column":3}},{"start":{},"end":{}}],"line":262},"18":{"loc":{"start":{"line":268,"column":13},"end":{"line":268,"column":30}},"type":"binary-expr","locations":[{"start":{"line":268,"column":13},"end":{"line":268,"column":23}},{"start":{"line":268,"column":27},"end":{"line":268,"column":30}}],"line":268},"19":{"loc":{"start":{"line":269,"column":13},"end":{"line":269,"column":51}},"type":"binary-expr","locations":[{"start":{"line":269,"column":13},"end":{"line":269,"column":24}},{"start":{"line":269,"column":28},"end":{"line":269,"column":51}}],"line":269},"20":{"loc":{"start":{"line":271,"column":8},"end":{"line":271,"column":74}},"type":"binary-expr","locations":[{"start":{"line":271,"column":8},"end":{"line":271,"column":21}},{"start":{"line":271,"column":25},"end":{"line":271,"column":38}},{"start":{"line":271,"column":42},"end":{"line":271,"column":74}}],"line":271}},"s":{"0":0,"1":0,"2":0,"3":0,"4":0,"5":0,"6":0,"7":0,"8":0,"9":0,"10":0,"11":0,"12":0,"13":0,"14":0,"15":0,"16":0,"17":0,"18":0,"19":0,"20":0,"21":0,"22":0,"23":0,"24":0,"25":0,"26":0,"27":0,"28":0,"29":0,"30":0,"31":0,"32":0,"33":0,"34":0,"35":0,"36":0,"37":0,"38":0,"39":0,"40":0,"41":0,"42":0,"43":0,"44":0,"45":0,"46":0,"47":0,"48":0,"49":0,"50":0,"51":0,"52":0,"53":0,"54":0,"55":0,"56":0,"57":0,"58":0,"59":0,"60":0,"61":0,"62":0,"63":0,"64":0,"65":0,"66":0,"67":0,"68":0,"69":0,"70":0,"71":0,"72":0,"73":0,"74":0,"75":0,"76":0,"77":0,"78":0,"79":0,"80":0,"81":0,"82":0,"83":0,"84":0,"85":0,"86":0,"87":0,"88":0,"89":0,"90":0,"91":0,"92":0,"93":0,"94":0,"95":0,"96":0,"97":0,"98":0,"99":0,"100":0,"101":0,"102":0,"103":0,"104":0},"f":{"0":0,"1":0,"2":0,"3":0,"4":0,"5":0,"6":0,"7":0,"8":0,"9":0,"10":0},"b":{"0":[0,0],"1":[0,0],"2":[0,0],"3":[0,0],"4":[0,0],"5":[0,0],"6":[0,0],"7":[0,0],"8":[0,0],"9":[0,0,0],"10":[0,0],"11":[0,0],"12":[0,0],"13":[0,0],"14":[0,0],"15":[0,0],"16":[0,0],"17":[0,0],"18":[0,0],"19":[0,0],"20":[0,0,0]}}
,"C:\\Users\\benja\\projects\\medio\\backend\\src\\db\\add-indexes.js": {"path":"C:\\Users\\benja\\projects\\medio\\backend\\src\\db\\add-indexes.js","statementMap":{"0":{"start":{"line":1,"column":13},"end":{"line":1,"column":30}},"1":{"start":{"line":3,"column":19},"end":{"line":66,"column":1}},"2":{"start":{"line":4,"column":2},"end":{"line":65,"column":3}},"3":{"start":{"line":5,"column":4},"end":{"line":5,"column":49}},"4":{"start":{"line":8,"column":4},"end":{"line":11,"column":7}},"5":{"start":{"line":12,"column":4},"end":{"line":12,"column":63}},"6":{"start":{"line":15,"column":4},"end":{"line":18,"column":7}},"7":{"start":{"line":19,"column":4},"end":{"line":19,"column":82}},"8":{"start":{"line":22,"column":4},"end":{"line":25,"column":7}},"9":{"start":{"line":26,"column":4},"end":{"line":26,"column":68}},"10":{"start":{"line":31,"column":4},"end":{"line":34,"column":7}},"11":{"start":{"line":35,"column":4},"end":{"line":35,"column":54}},"12":{"start":{"line":38,"column":4},"end":{"line":41,"column":7}},"13":{"start":{"line":42,"column":4},"end":{"line":42,"column":52}},"14":{"start":{"line":45,"column":4},"end":{"line":48,"column":7}},"15":{"start":{"line":49,"column":4},"end":{"line":49,"column":56}},"16":{"start":{"line":52,"column":4},"end":{"line":55,"column":7}},"17":{"start":{"line":56,"column":4},"end":{"line":56,"column":63}},"18":{"start":{"line":58,"column":4},"end":{"line":58,"column":55}},"19":{"start":{"line":59,"column":4},"end":{"line":59,"column":76}},"20":{"start":{"line":61,"column":4},"end":{"line":61,"column":50}},"21":{"start":{"line":62,"column":4},"end":{"line":62,"column":16}},"22":{"start":{"line":64,"column":4},"end":{"line":64,"column":21}},"23":{"start":{"line":69,"column":0},"end":{"line":71,"column":1}},"24":{"start":{"line":70,"column":2},"end":{"line":70,"column":15}},"25":{"start":{"line":73,"column":0},"end":{"line":73,"column":28}}},"fnMap":{"0":{"name":"(anonymous_0)","decl":{"start":{"line":3,"column":19},"end":{"line":3,"column":20}},"loc":{"start":{"line":3,"column":31},"end":{"line":66,"column":1}},"line":3}},"branchMap":{"0":{"loc":{"start":{"line":69,"column":0},"end":{"line":71,"column":1}},"type":"if","locations":[{"start":{"line":69,"column":0},"end":{"line":71,"column":1}},{"start":{},"end":{}}],"line":69}},"s":{"0":0,"1":0,"2":0,"3":0,"4":0,"5":0,"6":0,"7":0,"8":0,"9":0,"10":0,"11":0,"12":0,"13":0,"14":0,"15":0,"16":0,"17":0,"18":0,"19":0,"20":0,"21":0,"22":0,"23":0,"24":0,"25":0},"f":{"0":0},"b":{"0":[0,0]}}
,"C:\\Users\\benja\\projects\\medio\\backend\\src\\db\\pool.js": {"path":"C:\\Users\\benja\\projects\\medio\\backend\\src\\db\\pool.js","statementMap":{"0":{"start":{"line":1,"column":17},"end":{"line":1,"column":30}},"1":{"start":{"line":2,"column":0},"end":{"line":2,"column":27}},"2":{"start":{"line":3,"column":15},"end":{"line":3,"column":41}},"3":{"start":{"line":6,"column":0},"end":{"line":11,"column":1}},"4":{"start":{"line":7,"column":2},"end":{"line":10,"column":3}},"5":{"start":{"line":8,"column":4},"end":{"line":8,"column":159}},"6":{"start":{"line":9,"column":4},"end":{"line":9,"column":20}},"7":{"start":{"line":14,"column":19},"end":{"line":31,"column":1}},"8":{"start":{"line":34,"column":0},"end":{"line":40,"column":1}},"9":{"start":{"line":35,"column":2},"end":{"line":39,"column":4}},"10":{"start":{"line":45,"column":0},"end":{"line":64,"column":1}},"11":{"start":{"line":46,"column":2},"end":{"line":61,"column":5}},"12":{"start":{"line":63,"column":2},"end":{"line":63,"column":30}},"13":{"start":{"line":67,"column":0},"end":{"line":69,"column":3}},"14":{"start":{"line":68,"column":2},"end":{"line":68,"column":64}},"15":{"start":{"line":72,"column":0},"end":{"line":80,"column":1}},"16":{"start":{"line":73,"column":2},"end":{"line":75,"column":5}},"17":{"start":{"line":74,"column":4},"end":{"line":74,"column":56}},"18":{"start":{"line":77,"column":2},"end":{"line":79,"column":5}},"19":{"start":{"line":78,"column":4},"end":{"line":78,"column":50}},"20":{"start":{"line":83,"column":19},"end":{"line":113,"column":1}},"21":{"start":{"line":86,"column":2},"end":{"line":109,"column":3}},"22":{"start":{"line":86,"column":21},"end":{"line":86,"column":22}},"23":{"start":{"line":87,"column":4},"end":{"line":108,"column":5}},"24":{"start":{"line":88,"column":6},"end":{"line":88,"column":45}},"25":{"start":{"line":90,"column":6},"end":{"line":90,"column":24}},"26":{"start":{"line":93,"column":6},"end":{"line":93,"column":96}},"27":{"start":{"line":96,"column":6},"end":{"line":102,"column":7}},"28":{"start":{"line":101,"column":8},"end":{"line":101,"column":20}},"29":{"start":{"line":105,"column":6},"end":{"line":107,"column":7}},"30":{"start":{"line":106,"column":8},"end":{"line":106,"column":80}},"31":{"start":{"line":106,"column":37},"end":{"line":106,"column":78}},"32":{"start":{"line":111,"column":2},"end":{"line":111,"column":80}},"33":{"start":{"line":112,"column":2},"end":{"line":112,"column":18}},"34":{"start":{"line":116,"column":0},"end":{"line":116,"column":22}},"35":{"start":{"line":119,"column":0},"end":{"line":119,"column":43}},"36":{"start":{"line":122,"column":0},"end":{"line":126,"column":3}},"37":{"start":{"line":122,"column":37},"end":{"line":126,"column":1}}},"fnMap":{"0":{"name":"(anonymous_0)","decl":{"start":{"line":67,"column":17},"end":{"line":67,"column":18}},"loc":{"start":{"line":67,"column":34},"end":{"line":69,"column":1}},"line":67},"1":{"name":"(anonymous_1)","decl":{"start":{"line":73,"column":21},"end":{"line":73,"column":22}},"loc":{"start":{"line":73,"column":27},"end":{"line":75,"column":3}},"line":73},"2":{"name":"(anonymous_2)","decl":{"start":{"line":77,"column":20},"end":{"line":77,"column":21}},"loc":{"start":{"line":77,"column":26},"end":{"line":79,"column":3}},"line":77},"3":{"name":"(anonymous_3)","decl":{"start":{"line":83,"column":19},"end":{"line":83,"column":20}},"loc":{"start":{"line":83,"column":79},"end":{"line":113,"column":1}},"line":83},"4":{"name":"(anonymous_4)","decl":{"start":{"line":106,"column":26},"end":{"line":106,"column":27}},"loc":{"start":{"line":106,"column":37},"end":{"line":106,"column":78}},"line":106},"5":{"name":"(anonymous_5)","decl":{"start":{"line":122,"column":30},"end":{"line":122,"column":31}},"loc":{"start":{"line":122,"column":37},"end":{"line":126,"column":1}},"line":122}},"branchMap":{"0":{"loc":{"start":{"line":6,"column":0},"end":{"line":11,"column":1}},"type":"if","locations":[{"start":{"line":6,"column":0},"end":{"line":11,"column":1}},{"start":{},"end":{}}],"line":6},"1":{"loc":{"start":{"line":7,"column":2},"end":{"line":10,"column":3}},"type":"if","locations":[{"start":{"line":7,"column":2},"end":{"line":10,"column":3}},{"start":{},"end":{}}],"line":7},"2":{"loc":{"start":{"line":7,"column":6},"end":{"line":7,"column":102}},"type":"binary-expr","locations":[{"start":{"line":7,"column":6},"end":{"line":7,"column":26}},{"start":{"line":7,"column":30},"end":{"line":7,"column":50}},{"start":{"line":7,"column":54},"end":{"line":7,"column":74}},{"start":{"line":7,"column":78},"end":{"line":7,"column":102}}],"line":7},"3":{"loc":{"start":{"line":16,"column":8},"end":{"line":16,"column":35}},"type":"binary-expr","locations":[{"start":{"line":16,"column":8},"end":{"line":16,"column":27}},{"start":{"line":16,"column":31},"end":{"line":16,"column":35}}],"line":16},"4":{"loc":{"start":{"line":21,"column":16},"end":{"line":21,"column":46}},"type":"binary-expr","locations":[{"start":{"line":21,"column":16},"end":{"line":21,"column":39}},{"start":{"line":21,"column":43},"end":{"line":21,"column":46}}],"line":21},"5":{"loc":{"start":{"line":22,"column":16},"end":{"line":22,"column":47}},"type":"binary-expr","locations":[{"start":{"line":22,"column":16},"end":{"line":22,"column":39}},{"start":{"line":22,"column":43},"end":{"line":22,"column":47}}],"line":22},"6":{"loc":{"start":{"line":23,"column":30},"end":{"line":23,"column":76}},"type":"binary-expr","locations":[{"start":{"line":23,"column":30},"end":{"line":23,"column":65}},{"start":{"line":23,"column":69},"end":{"line":23,"column":76}}],"line":23},"7":{"loc":{"start":{"line":24,"column":36},"end":{"line":24,"column":82}},"type":"binary-expr","locations":[{"start":{"line":24,"column":36},"end":{"line":24,"column":72}},{"start":{"line":24,"column":76},"end":{"line":24,"column":82}}],"line":24},"8":{"loc":{"start":{"line":26,"column":30},"end":{"line":26,"column":76}},"type":"binary-expr","locations":[{"start":{"line":26,"column":30},"end":{"line":26,"column":65}},{"start":{"line":26,"column":69},"end":{"line":26,"column":76}}],"line":26},"9":{"loc":{"start":{"line":27,"column":26},"end":{"line":27,"column":68}},"type":"binary-expr","locations":[{"start":{"line":27,"column":26},"end":{"line":27,"column":57}},{"start":{"line":27,"column":61},"end":{"line":27,"column":68}}],"line":27},"10":{"loc":{"start":{"line":34,"column":0},"end":{"line":40,"column":1}},"type":"if","locations":[{"start":{"line":34,"column":0},"end":{"line":40,"column":1}},{"start":{},"end":{}}],"line":34},"11":{"loc":{"start":{"line":38,"column":8},"end":{"line":38,"column":42}},"type":"binary-expr","locations":[{"start":{"line":38,"column":8},"end":{"line":38,"column":29}},{"start":{"line":38,"column":33},"end":{"line":38,"column":42}}],"line":38},"12":{"loc":{"start":{"line":45,"column":0},"end":{"line":64,"column":1}},"type":"if","locations":[{"start":{"line":45,"column":0},"end":{"line":64,"column":1}},{"start":{"line":62,"column":7},"end":{"line":64,"column":1}}],"line":45},"13":{"loc":{"start":{"line":48,"column":9},"end":{"line":51,"column":13}},"type":"cond-expr","locations":[{"start":{"line":48,"column":49},"end":{"line":51,"column":5}},{"start":{"line":51,"column":8},"end":{"line":51,"column":13}}],"line":48},"14":{"loc":{"start":{"line":50,"column":10},"end":{"line":50,"column":44}},"type":"binary-expr","locations":[{"start":{"line":50,"column":10},"end":{"line":50,"column":31}},{"start":{"line":50,"column":35},"end":{"line":50,"column":44}}],"line":50},"15":{"loc":{"start":{"line":53,"column":18},"end":{"line":53,"column":48}},"type":"binary-expr","locations":[{"start":{"line":53,"column":18},"end":{"line":53,"column":41}},{"start":{"line":53,"column":45},"end":{"line":53,"column":48}}],"line":53},"16":{"loc":{"start":{"line":54,"column":18},"end":{"line":54,"column":49}},"type":"binary-expr","locations":[{"start":{"line":54,"column":18},"end":{"line":54,"column":41}},{"start":{"line":54,"column":45},"end":{"line":54,"column":49}}],"line":54},"17":{"loc":{"start":{"line":55,"column":32},"end":{"line":55,"column":78}},"type":"binary-expr","locations":[{"start":{"line":55,"column":32},"end":{"line":55,"column":67}},{"start":{"line":55,"column":71},"end":{"line":55,"column":78}}],"line":55},"18":{"loc":{"start":{"line":56,"column":38},"end":{"line":56,"column":84}},"type":"binary-expr","locations":[{"start":{"line":56,"column":38},"end":{"line":56,"column":74}},{"start":{"line":56,"column":78},"end":{"line":56,"column":84}}],"line":56},"19":{"loc":{"start":{"line":57,"column":32},"end":{"line":57,"column":78}},"type":"binary-expr","locations":[{"start":{"line":57,"column":32},"end":{"line":57,"column":67}},{"start":{"line":57,"column":71},"end":{"line":57,"column":78}}],"line":57},"20":{"loc":{"start":{"line":58,"column":28},"end":{"line":58,"column":70}},"type":"binary-expr","locations":[{"start":{"line":58,"column":28},"end":{"line":58,"column":59}},{"start":{"line":58,"column":63},"end":{"line":58,"column":70}}],"line":58},"21":{"loc":{"start":{"line":72,"column":0},"end":{"line":80,"column":1}},"type":"if","locations":[{"start":{"line":72,"column":0},"end":{"line":80,"column":1}},{"start":{},"end":{}}],"line":72},"22":{"loc":{"start":{"line":83,"column":41},"end":{"line":83,"column":55}},"type":"default-arg","locations":[{"start":{"line":83,"column":54},"end":{"line":83,"column":55}}],"line":83},"23":{"loc":{"start":{"line":83,"column":57},"end":{"line":83,"column":74}},"type":"default-arg","locations":[{"start":{"line":83,"column":70},"end":{"line":83,"column":74}}],"line":83},"24":{"loc":{"start":{"line":96,"column":6},"end":{"line":102,"column":7}},"type":"if","locations":[{"start":{"line":96,"column":6},"end":{"line":102,"column":7}},{"start":{},"end":{}}],"line":96},"25":{"loc":{"start":{"line":96,"column":10},"end":{"line":100,"column":32}},"type":"binary-expr","locations":[{"start":{"line":96,"column":10},"end":{"line":96,"column":32}},{"start":{"line":97,"column":10},"end":{"line":97,"column":32}},{"start":{"line":98,"column":10},"end":{"line":98,"column":32}},{"start":{"line":99,"column":10},"end":{"line":99,"column":32}},{"start":{"line":100,"column":10},"end":{"line":100,"column":32}}],"line":96},"26":{"loc":{"start":{"line":105,"column":6},"end":{"line":107,"column":7}},"type":"if","locations":[{"start":{"line":105,"column":6},"end":{"line":107,"column":7}},{"start":{},"end":{}}],"line":105}},"s":{"0":0,"1":0,"2":0,"3":0,"4":0,"5":0,"6":0,"7":0,"8":0,"9":0,"10":0,"11":0,"12":0,"13":0,"14":0,"15":0,"16":0,"17":0,"18":0,"19":0,"20":0,"21":0,"22":0,"23":0,"24":0,"25":0,"26":0,"27":0,"28":0,"29":0,"30":0,"31":0,"32":0,"33":0,"34":0,"35":0,"36":0,"37":0},"f":{"0":0,"1":0,"2":0,"3":0,"4":0,"5":0},"b":{"0":[0,0],"1":[0,0],"2":[0,0,0,0],"3":[0,0],"4":[0,0],"5":[0,0],"6":[0,0],"7":[0,0],"8":[0,0],"9":[0,0],"10":[0,0],"11":[0,0],"12":[0,0],"13":[0,0],"14":[0,0],"15":[0,0],"16":[0,0],"17":[0,0],"18":[0,0],"19":[0,0],"20":[0,0],"21":[0,0],"22":[0],"23":[0],"24":[0,0],"25":[0,0,0,0,0],"26":[0,0]}}
,"C:\\Users\\benja\\projects\\medio\\backend\\src\\db\\migrations\\001_add_video_url_unique_constraint.js": {"path":"C:\\Users\\benja\\projects\\medio\\backend\\src\\db\\migrations\\001_add_video_url_unique_constraint.js","statementMap":{"0":{"start":{"line":1,"column":13},"end":{"line":1,"column":31}},"1":{"start":{"line":18,"column":30},"end":{"line":52,"column":1}},"2":{"start":{"line":19,"column":2},"end":{"line":51,"column":3}},"3":{"start":{"line":20,"column":4},"end":{"line":20,"column":85}},"4":{"start":{"line":23,"column":4},"end":{"line":26,"column":7}},"5":{"start":{"line":27,"column":4},"end":{"line":27,"column":60}},"6":{"start":{"line":31,"column":4},"end":{"line":35,"column":7}},"7":{"start":{"line":36,"column":4},"end":{"line":36,"column":69}},"8":{"start":{"line":38,"column":4},"end":{"line":38,"column":57}},"9":{"start":{"line":39,"column":4},"end":{"line":39,"column":111}},"10":{"start":{"line":41,"column":4},"end":{"line":41,"column":56}},"11":{"start":{"line":44,"column":4},"end":{"line":48,"column":5}},"12":{"start":{"line":45,"column":6},"end":{"line":45,"column":116}},"13":{"start":{"line":47,"column":6},"end":{"line":47,"column":18}},"14":{"start":{"line":50,"column":4},"end":{"line":50,"column":21}},"15":{"start":{"line":55,"column":0},"end":{"line":57,"column":1}},"16":{"start":{"line":56,"column":2},"end":{"line":56,"column":26}},"17":{"start":{"line":59,"column":0},"end":{"line":59,"column":39}}},"fnMap":{"0":{"name":"(anonymous_0)","decl":{"start":{"line":18,"column":30},"end":{"line":18,"column":31}},"loc":{"start":{"line":18,"column":42},"end":{"line":52,"column":1}},"line":18}},"branchMap":{"0":{"loc":{"start":{"line":44,"column":4},"end":{"line":48,"column":5}},"type":"if","locations":[{"start":{"line":44,"column":4},"end":{"line":48,"column":5}},{"start":{"line":46,"column":11},"end":{"line":48,"column":5}}],"line":44},"1":{"loc":{"start":{"line":55,"column":0},"end":{"line":57,"column":1}},"type":"if","locations":[{"start":{"line":55,"column":0},"end":{"line":57,"column":1}},{"start":{},"end":{}}],"line":55}},"s":{"0":0,"1":0,"2":0,"3":0,"4":0,"5":0,"6":0,"7":0,"8":0,"9":0,"10":0,"11":0,"12":0,"13":0,"14":0,"15":0,"16":0,"17":0},"f":{"0":0},"b":{"0":[0,0],"1":[0,0]}}
,"C:\\Users\\benja\\projects\\medio\\backend\\src\\db\\migrations\\002_add_video_indexes.js": {"path":"C:\\Users\\benja\\projects\\medio\\backend\\src\\db\\migrations\\002_add_video_indexes.js","statementMap":{"0":{"start":{"line":1,"column":13},"end":{"line":1,"column":31}},"1":{"start":{"line":20,"column":24},"end":{"line":70,"column":1}},"2":{"start":{"line":21,"column":2},"end":{"line":69,"column":3}},"3":{"start":{"line":22,"column":4},"end":{"line":22,"column":66}},"4":{"start":{"line":26,"column":4},"end":{"line":29,"column":7}},"5":{"start":{"line":30,"column":4},"end":{"line":30,"column":73}},"6":{"start":{"line":34,"column":4},"end":{"line":37,"column":7}},"7":{"start":{"line":38,"column":4},"end":{"line":38,"column":76}},"8":{"start":{"line":42,"column":4},"end":{"line":45,"column":7}},"9":{"start":{"line":46,"column":4},"end":{"line":46,"column":69}},"10":{"start":{"line":50,"column":4},"end":{"line":53,"column":7}},"11":{"start":{"line":54,"column":4},"end":{"line":54,"column":74}},"12":{"start":{"line":56,"column":4},"end":{"line":56,"column":57}},"13":{"start":{"line":57,"column":4},"end":{"line":57,"column":97}},"14":{"start":{"line":59,"column":4},"end":{"line":59,"column":56}},"15":{"start":{"line":62,"column":4},"end":{"line":66,"column":5}},"16":{"start":{"line":63,"column":6},"end":{"line":63,"column":101}},"17":{"start":{"line":65,"column":6},"end":{"line":65,"column":18}},"18":{"start":{"line":68,"column":4},"end":{"line":68,"column":21}},"19":{"start":{"line":73,"column":0},"end":{"line":75,"column":1}},"20":{"start":{"line":74,"column":2},"end":{"line":74,"column":20}},"21":{"start":{"line":77,"column":0},"end":{"line":77,"column":33}}},"fnMap":{"0":{"name":"(anonymous_0)","decl":{"start":{"line":20,"column":24},"end":{"line":20,"column":25}},"loc":{"start":{"line":20,"column":36},"end":{"line":70,"column":1}},"line":20}},"branchMap":{"0":{"loc":{"start":{"line":62,"column":4},"end":{"line":66,"column":5}},"type":"if","locations":[{"start":{"line":62,"column":4},"end":{"line":66,"column":5}},{"start":{"line":64,"column":11},"end":{"line":66,"column":5}}],"line":62},"1":{"loc":{"start":{"line":73,"column":0},"end":{"line":75,"column":1}},"type":"if","locations":[{"start":{"line":73,"column":0},"end":{"line":75,"column":1}},{"start":{},"end":{}}],"line":73}},"s":{"0":0,"1":0,"2":0,"3":0,"4":0,"5":0,"6":0,"7":0,"8":0,"9":0,"10":0,"11":0,"12":0,"13":0,"14":0,"15":0,"16":0,"17":0,"18":0,"19":0,"20":0,"21":0},"f":{"0":0},"b":{"0":[0,0],"1":[0,0]}}
,"C:\\Users\\benja\\projects\\medio\\backend\\src\\db\\migrations\\003_add_channel_name.js": {"path":"C:\\Users\\benja\\projects\\medio\\backend\\src\\db\\migrations\\003_add_channel_name.js","statementMap":{"0":{"start":{"line":1,"column":13},"end":{"line":1,"column":31}},"1":{"start":{"line":12,"column":23},"end":{"line":36,"column":1}},"2":{"start":{"line":13,"column":2},"end":{"line":35,"column":3}},"3":{"start":{"line":14,"column":4},"end":{"line":14,"column":66}},"4":{"start":{"line":17,"column":4},"end":{"line":20,"column":7}},"5":{"start":{"line":21,"column":4},"end":{"line":21,"column":63}},"6":{"start":{"line":23,"column":4},"end":{"line":23,"column":57}},"7":{"start":{"line":25,"column":4},"end":{"line":25,"column":56}},"8":{"start":{"line":28,"column":4},"end":{"line":32,"column":5}},"9":{"start":{"line":29,"column":6},"end":{"line":29,"column":102}},"10":{"start":{"line":31,"column":6},"end":{"line":31,"column":18}},"11":{"start":{"line":34,"column":4},"end":{"line":34,"column":21}},"12":{"start":{"line":39,"column":0},"end":{"line":41,"column":1}},"13":{"start":{"line":40,"column":2},"end":{"line":40,"column":19}},"14":{"start":{"line":43,"column":0},"end":{"line":43,"column":32}}},"fnMap":{"0":{"name":"(anonymous_0)","decl":{"start":{"line":12,"column":23},"end":{"line":12,"column":24}},"loc":{"start":{"line":12,"column":35},"end":{"line":36,"column":1}},"line":12}},"branchMap":{"0":{"loc":{"start":{"line":28,"column":4},"end":{"line":32,"column":5}},"type":"if","locations":[{"start":{"line":28,"column":4},"end":{"line":32,"column":5}},{"start":{"line":30,"column":11},"end":{"line":32,"column":5}}],"line":28},"1":{"loc":{"start":{"line":39,"column":0},"end":{"line":41,"column":1}},"type":"if","locations":[{"start":{"line":39,"column":0},"end":{"line":41,"column":1}},{"start":{},"end":{}}],"line":39}},"s":{"0":0,"1":0,"2":0,"3":0,"4":0,"5":0,"6":0,"7":0,"8":0,"9":0,"10":0,"11":0,"12":0,"13":0,"14":0},"f":{"0":0},"b":{"0":[0,0],"1":[0,0]}}
,"C:\\Users\\benja\\projects\\medio\\backend\\src\\db\\migrations\\004_add_nfc_chip_indexes.js": {"path":"C:\\Users\\benja\\projects\\medio\\backend\\src\\db\\migrations\\004_add_nfc_chip_indexes.js","statementMap":{"0":{"start":{"line":12,"column":13},"end":{"line":12,"column":31}},"1":{"start":{"line":14,"column":11},"end":{"line":65,"column":1}},"2":{"start":{"line":15,"column":2},"end":{"line":15,"column":61}},"3":{"start":{"line":17,"column":2},"end":{"line":64,"column":3}},"4":{"start":{"line":20,"column":4},"end":{"line":20,"column":59}},"5":{"start":{"line":21,"column":4},"end":{"line":35,"column":7}},"6":{"start":{"line":38,"column":4},"end":{"line":38,"column":56}},"7":{"start":{"line":39,"column":4},"end":{"line":42,"column":7}},"8":{"start":{"line":43,"column":4},"end":{"line":43,"column":57}},"9":{"start":{"line":46,"column":4},"end":{"line":46,"column":47}},"10":{"start":{"line":47,"column":19},"end":{"line":52,"column":6}},"11":{"start":{"line":54,"column":4},"end":{"line":58,"column":5}},"12":{"start":{"line":55,"column":6},"end":{"line":55,"column":94}},"13":{"start":{"line":55,"column":67},"end":{"line":55,"column":78}},"14":{"start":{"line":57,"column":6},"end":{"line":57,"column":98}},"15":{"start":{"line":60,"column":4},"end":{"line":60,"column":77}},"16":{"start":{"line":62,"column":4},"end":{"line":62,"column":71}},"17":{"start":{"line":63,"column":4},"end":{"line":63,"column":16}},"18":{"start":{"line":67,"column":13},"end":{"line":80,"column":1}},"19":{"start":{"line":68,"column":2},"end":{"line":68,"column":63}},"20":{"start":{"line":70,"column":2},"end":{"line":79,"column":3}},"21":{"start":{"line":72,"column":4},"end":{"line":72,"column":68}},"22":{"start":{"line":73,"column":4},"end":{"line":73,"column":57}},"23":{"start":{"line":75,"column":4},"end":{"line":75,"column":76}},"24":{"start":{"line":77,"column":4},"end":{"line":77,"column":81}},"25":{"start":{"line":78,"column":4},"end":{"line":78,"column":16}},"26":{"start":{"line":82,"column":0},"end":{"line":82,"column":30}}},"fnMap":{"0":{"name":"(anonymous_0)","decl":{"start":{"line":14,"column":11},"end":{"line":14,"column":12}},"loc":{"start":{"line":14,"column":23},"end":{"line":65,"column":1}},"line":14},"1":{"name":"(anonymous_1)","decl":{"start":{"line":55,"column":62},"end":{"line":55,"column":63}},"loc":{"start":{"line":55,"column":67},"end":{"line":55,"column":78}},"line":55},"2":{"name":"(anonymous_2)","decl":{"start":{"line":67,"column":13},"end":{"line":67,"column":14}},"loc":{"start":{"line":67,"column":25},"end":{"line":80,"column":1}},"line":67}},"branchMap":{"0":{"loc":{"start":{"line":54,"column":4},"end":{"line":58,"column":5}},"type":"if","locations":[{"start":{"line":54,"column":4},"end":{"line":58,"column":5}},{"start":{"line":56,"column":11},"end":{"line":58,"column":5}}],"line":54}},"s":{"0":0,"1":0,"2":0,"3":0,"4":0,"5":0,"6":0,"7":0,"8":0,"9":0,"10":0,"11":0,"12":0,"13":0,"14":0,"15":0,"16":0,"17":0,"18":0,"19":0,"20":0,"21":0,"22":0,"23":0,"24":0,"25":0,"26":0},"f":{"0":0,"1":0,"2":0},"b":{"0":[0,0]}}
,"C:\\Users\\benja\\projects\\medio\\backend\\src\\middleware\\auth.js": {"path":"C:\\Users\\benja\\projects\\medio\\backend\\src\\middleware\\auth.js","statementMap":{"0":{"start":{"line":1,"column":12},"end":{"line":1,"column":35}},"1":{"start":{"line":2,"column":15},"end":{"line":2,"column":32}},"2":{"start":{"line":3,"column":30},"end":{"line":3,"column":56}},"3":{"start":{"line":4,"column":13},"end":{"line":4,"column":34}},"4":{"start":{"line":7,"column":19},"end":{"line":7,"column":41}},"5":{"start":{"line":8,"column":0},"end":{"line":10,"column":1}},"6":{"start":{"line":9,"column":2},"end":{"line":9,"column":129}},"7":{"start":{"line":12,"column":26},"end":{"line":50,"column":1}},"8":{"start":{"line":14,"column":14},"end":{"line":14,"column":36}},"9":{"start":{"line":16,"column":2},"end":{"line":19,"column":3}},"10":{"start":{"line":17,"column":23},"end":{"line":17,"column":51}},"11":{"start":{"line":18,"column":4},"end":{"line":18,"column":51}},"12":{"start":{"line":21,"column":2},"end":{"line":23,"column":3}},"13":{"start":{"line":22,"column":4},"end":{"line":22,"column":70}},"14":{"start":{"line":25,"column":2},"end":{"line":49,"column":3}},"15":{"start":{"line":26,"column":20},"end":{"line":26,"column":49}},"16":{"start":{"line":29,"column":4},"end":{"line":38,"column":5}},"17":{"start":{"line":30,"column":29},"end":{"line":33,"column":7}},"18":{"start":{"line":35,"column":6},"end":{"line":37,"column":7}},"19":{"start":{"line":36,"column":8},"end":{"line":36,"column":75}},"20":{"start":{"line":40,"column":4},"end":{"line":40,"column":23}},"21":{"start":{"line":41,"column":4},"end":{"line":41,"column":22}},"22":{"start":{"line":42,"column":4},"end":{"line":42,"column":31}},"23":{"start":{"line":43,"column":4},"end":{"line":43,"column":11}},"24":{"start":{"line":45,"column":4},"end":{"line":47,"column":5}},"25":{"start":{"line":46,"column":6},"end":{"line":46,"column":68}},"26":{"start":{"line":48,"column":4},"end":{"line":48,"column":62}},"27":{"start":{"line":52,"column":22},"end":{"line":68,"column":1}},"28":{"start":{"line":53,"column":14},"end":{"line":53,"column":52}},"29":{"start":{"line":55,"column":2},"end":{"line":67,"column":4}},"30":{"start":{"line":74,"column":28},"end":{"line":91,"column":1}},"31":{"start":{"line":75,"column":14},"end":{"line":75,"column":52}},"32":{"start":{"line":77,"column":2},"end":{"line":90,"column":4}},"33":{"start":{"line":97,"column":29},"end":{"line":113,"column":1}},"34":{"start":{"line":98,"column":14},"end":{"line":98,"column":52}},"35":{"start":{"line":100,"column":2},"end":{"line":112,"column":4}},"36":{"start":{"line":115,"column":0},"end":{"line":120,"column":2}}},"fnMap":{"0":{"name":"(anonymous_0)","decl":{"start":{"line":12,"column":26},"end":{"line":12,"column":27}},"loc":{"start":{"line":12,"column":52},"end":{"line":50,"column":1}},"line":12},"1":{"name":"(anonymous_1)","decl":{"start":{"line":52,"column":22},"end":{"line":52,"column":23}},"loc":{"start":{"line":52,"column":32},"end":{"line":68,"column":1}},"line":52},"2":{"name":"(anonymous_2)","decl":{"start":{"line":74,"column":28},"end":{"line":74,"column":29}},"loc":{"start":{"line":74,"column":38},"end":{"line":91,"column":1}},"line":74},"3":{"name":"(anonymous_3)","decl":{"start":{"line":97,"column":29},"end":{"line":97,"column":30}},"loc":{"start":{"line":97,"column":39},"end":{"line":113,"column":1}},"line":97}},"branchMap":{"0":{"loc":{"start":{"line":8,"column":0},"end":{"line":10,"column":1}},"type":"if","locations":[{"start":{"line":8,"column":0},"end":{"line":10,"column":1}},{"start":{},"end":{}}],"line":8},"1":{"loc":{"start":{"line":16,"column":2},"end":{"line":19,"column":3}},"type":"if","locations":[{"start":{"line":16,"column":2},"end":{"line":19,"column":3}},{"start":{},"end":{}}],"line":16},"2":{"loc":{"start":{"line":18,"column":12},"end":{"line":18,"column":50}},"type":"binary-expr","locations":[{"start":{"line":18,"column":12},"end":{"line":18,"column":22}},{"start":{"line":18,"column":26},"end":{"line":18,"column":50}}],"line":18},"3":{"loc":{"start":{"line":21,"column":2},"end":{"line":23,"column":3}},"type":"if","locations":[{"start":{"line":21,"column":2},"end":{"line":23,"column":3}},{"start":{},"end":{}}],"line":21},"4":{"loc":{"start":{"line":29,"column":4},"end":{"line":38,"column":5}},"type":"if","locations":[{"start":{"line":29,"column":4},"end":{"line":38,"column":5}},{"start":{},"end":{}}],"line":29},"5":{"loc":{"start":{"line":35,"column":6},"end":{"line":37,"column":7}},"type":"if","locations":[{"start":{"line":35,"column":6},"end":{"line":37,"column":7}},{"start":{},"end":{}}],"line":35},"6":{"loc":{"start":{"line":45,"column":4},"end":{"line":47,"column":5}},"type":"if","locations":[{"start":{"line":45,"column":4},"end":{"line":47,"column":5}},{"start":{},"end":{}}],"line":45},"7":{"loc":{"start":{"line":57,"column":10},"end":{"line":57,"column":35}},"type":"binary-expr","locations":[{"start":{"line":57,"column":10},"end":{"line":57,"column":17}},{"start":{"line":57,"column":21},"end":{"line":57,"column":35}}],"line":57},"8":{"loc":{"start":{"line":79,"column":10},"end":{"line":79,"column":35}},"type":"binary-expr","locations":[{"start":{"line":79,"column":10},"end":{"line":79,"column":17}},{"start":{"line":79,"column":21},"end":{"line":79,"column":35}}],"line":79},"9":{"loc":{"start":{"line":102,"column":10},"end":{"line":102,"column":35}},"type":"binary-expr","locations":[{"start":{"line":102,"column":10},"end":{"line":102,"column":17}},{"start":{"line":102,"column":21},"end":{"line":102,"column":35}}],"line":102}},"s":{"0":0,"1":0,"2":0,"3":0,"4":0,"5":0,"6":0,"7":0,"8":0,"9":0,"10":0,"11":0,"12":0,"13":0,"14":0,"15":0,"16":0,"17":0,"18":0,"19":0,"20":0,"21":0,"22":0,"23":0,"24":0,"25":0,"26":0,"27":0,"28":0,"29":0,"30":0,"31":0,"32":0,"33":0,"34":0,"35":0,"36":0},"f":{"0":0,"1":0,"2":0,"3":0},"b":{"0":[0,0],"1":[0,0],"2":[0,0],"3":[0,0],"4":[0,0],"5":[0,0],"6":[0,0],"7":[0,0],"8":[0,0],"9":[0,0]}}
,"C:\\Users\\benja\\projects\\medio\\backend\\src\\middleware\\chipLimitValidator.js": {"path":"C:\\Users\\benja\\projects\\medio\\backend\\src\\middleware\\chipLimitValidator.js","statementMap":{"0":{"start":{"line":1,"column":13},"end":{"line":1,"column":34}},"1":{"start":{"line":8,"column":26},"end":{"line":36,"column":1}},"2":{"start":{"line":9,"column":2},"end":{"line":35,"column":3}},"3":{"start":{"line":11,"column":4},"end":{"line":13,"column":5}},"4":{"start":{"line":12,"column":6},"end":{"line":12,"column":74}},"5":{"start":{"line":16,"column":19},"end":{"line":19,"column":5}},"6":{"start":{"line":21,"column":22},"end":{"line":21,"column":61}},"7":{"start":{"line":22,"column":31},"end":{"line":22,"column":33}},"8":{"start":{"line":24,"column":4},"end":{"line":28,"column":5}},"9":{"start":{"line":25,"column":6},"end":{"line":27,"column":9}},"10":{"start":{"line":31,"column":4},"end":{"line":31,"column":11}},"11":{"start":{"line":33,"column":4},"end":{"line":33,"column":57}},"12":{"start":{"line":34,"column":4},"end":{"line":34,"column":71}},"13":{"start":{"line":38,"column":0},"end":{"line":40,"column":2}}},"fnMap":{"0":{"name":"(anonymous_0)","decl":{"start":{"line":8,"column":26},"end":{"line":8,"column":27}},"loc":{"start":{"line":8,"column":52},"end":{"line":36,"column":1}},"line":8}},"branchMap":{"0":{"loc":{"start":{"line":11,"column":4},"end":{"line":13,"column":5}},"type":"if","locations":[{"start":{"line":11,"column":4},"end":{"line":13,"column":5}},{"start":{},"end":{}}],"line":11},"1":{"loc":{"start":{"line":11,"column":8},"end":{"line":11,"column":33}},"type":"binary-expr","locations":[{"start":{"line":11,"column":8},"end":{"line":11,"column":17}},{"start":{"line":11,"column":21},"end":{"line":11,"column":33}}],"line":11},"2":{"loc":{"start":{"line":24,"column":4},"end":{"line":28,"column":5}},"type":"if","locations":[{"start":{"line":24,"column":4},"end":{"line":28,"column":5}},{"start":{},"end":{}}],"line":24}},"s":{"0":0,"1":0,"2":0,"3":0,"4":0,"5":0,"6":0,"7":0,"8":0,"9":0,"10":0,"11":0,"12":0,"13":0},"f":{"0":0},"b":{"0":[0,0],"1":[0,0],"2":[0,0]}}
,"C:\\Users\\benja\\projects\\medio\\backend\\src\\middleware\\error-handler.js": {"path":"C:\\Users\\benja\\projects\\medio\\backend\\src\\middleware\\error-handler.js","statementMap":{"0":{"start":{"line":1,"column":15},"end":{"line":1,"column":41}},"1":{"start":{"line":4,"column":29},"end":{"line":62,"column":1}},"2":{"start":{"line":6,"column":2},"end":{"line":8,"column":3}},"3":{"start":{"line":7,"column":4},"end":{"line":7,"column":70}},"4":{"start":{"line":10,"column":2},"end":{"line":12,"column":3}},"5":{"start":{"line":11,"column":4},"end":{"line":11,"column":41}},"6":{"start":{"line":14,"column":2},"end":{"line":16,"column":3}},"7":{"start":{"line":15,"column":4},"end":{"line":15,"column":39}},"8":{"start":{"line":18,"column":2},"end":{"line":20,"column":3}},"9":{"start":{"line":19,"column":4},"end":{"line":19,"column":35}},"10":{"start":{"line":23,"column":2},"end":{"line":25,"column":3}},"11":{"start":{"line":24,"column":4},"end":{"line":24,"column":43}},"12":{"start":{"line":27,"column":2},"end":{"line":29,"column":3}},"13":{"start":{"line":28,"column":4},"end":{"line":28,"column":47}},"14":{"start":{"line":32,"column":2},"end":{"line":34,"column":3}},"15":{"start":{"line":33,"column":4},"end":{"line":33,"column":25}},"16":{"start":{"line":37,"column":2},"end":{"line":39,"column":3}},"17":{"start":{"line":38,"column":4},"end":{"line":38,"column":58}},"18":{"start":{"line":41,"column":2},"end":{"line":43,"column":3}},"19":{"start":{"line":42,"column":4},"end":{"line":42,"column":46}},"20":{"start":{"line":46,"column":2},"end":{"line":48,"column":3}},"21":{"start":{"line":47,"column":4},"end":{"line":47,"column":48}},"22":{"start":{"line":51,"column":2},"end":{"line":53,"column":3}},"23":{"start":{"line":52,"column":4},"end":{"line":52,"column":32}},"24":{"start":{"line":56,"column":2},"end":{"line":58,"column":3}},"25":{"start":{"line":57,"column":4},"end":{"line":57,"column":60}},"26":{"start":{"line":61,"column":2},"end":{"line":61,"column":65}},"27":{"start":{"line":65,"column":21},"end":{"line":121,"column":1}},"28":{"start":{"line":67,"column":15},"end":{"line":67,"column":50}},"29":{"start":{"line":68,"column":24},"end":{"line":68,"column":62}},"30":{"start":{"line":71,"column":2},"end":{"line":81,"column":5}},"31":{"start":{"line":84,"column":2},"end":{"line":96,"column":3}},"32":{"start":{"line":85,"column":4},"end":{"line":85,"column":17}},"33":{"start":{"line":86,"column":9},"end":{"line":96,"column":3}},"34":{"start":{"line":87,"column":4},"end":{"line":87,"column":17}},"35":{"start":{"line":88,"column":9},"end":{"line":96,"column":3}},"36":{"start":{"line":89,"column":4},"end":{"line":89,"column":17}},"37":{"start":{"line":90,"column":9},"end":{"line":96,"column":3}},"38":{"start":{"line":91,"column":4},"end":{"line":91,"column":17}},"39":{"start":{"line":92,"column":9},"end":{"line":96,"column":3}},"40":{"start":{"line":93,"column":4},"end":{"line":93,"column":17}},"41":{"start":{"line":94,"column":9},"end":{"line":96,"column":3}},"42":{"start":{"line":95,"column":4},"end":{"line":95,"column":17}},"43":{"start":{"line":99,"column":24},"end":{"line":105,"column":3}},"44":{"start":{"line":108,"column":2},"end":{"line":112,"column":3}},"45":{"start":{"line":109,"column":4},"end":{"line":109,"column":42}},"46":{"start":{"line":110,"column":4},"end":{"line":110,"column":40}},"47":{"start":{"line":111,"column":4},"end":{"line":111,"column":52}},"48":{"start":{"line":115,"column":2},"end":{"line":117,"column":3}},"49":{"start":{"line":116,"column":4},"end":{"line":116,"column":43}},"50":{"start":{"line":120,"column":2},"end":{"line":120,"column":41}},"51":{"start":{"line":124,"column":24},"end":{"line":133,"column":1}},"52":{"start":{"line":125,"column":2},"end":{"line":132,"column":5}},"53":{"start":{"line":136,"column":21},"end":{"line":138,"column":1}},"54":{"start":{"line":136,"column":29},"end":{"line":138,"column":1}},"55":{"start":{"line":137,"column":2},"end":{"line":137,"column":50}},"56":{"start":{"line":143,"column":4},"end":{"line":143,"column":19}},"57":{"start":{"line":144,"column":4},"end":{"line":144,"column":34}},"58":{"start":{"line":145,"column":4},"end":{"line":145,"column":29}},"59":{"start":{"line":146,"column":4},"end":{"line":146,"column":22}},"60":{"start":{"line":147,"column":4},"end":{"line":147,"column":25}},"61":{"start":{"line":153,"column":4},"end":{"line":153,"column":19}},"62":{"start":{"line":154,"column":4},"end":{"line":154,"column":36}},"63":{"start":{"line":155,"column":4},"end":{"line":155,"column":22}},"64":{"start":{"line":161,"column":4},"end":{"line":161,"column":19}},"65":{"start":{"line":162,"column":4},"end":{"line":162,"column":33}},"66":{"start":{"line":163,"column":4},"end":{"line":163,"column":22}},"67":{"start":{"line":169,"column":4},"end":{"line":169,"column":19}},"68":{"start":{"line":170,"column":4},"end":{"line":170,"column":32}},"69":{"start":{"line":171,"column":4},"end":{"line":171,"column":22}},"70":{"start":{"line":177,"column":4},"end":{"line":177,"column":19}},"71":{"start":{"line":178,"column":4},"end":{"line":178,"column":32}},"72":{"start":{"line":179,"column":4},"end":{"line":179,"column":22}},"73":{"start":{"line":185,"column":4},"end":{"line":185,"column":19}},"74":{"start":{"line":186,"column":4},"end":{"line":186,"column":33}},"75":{"start":{"line":187,"column":4},"end":{"line":187,"column":22}},"76":{"start":{"line":191,"column":0},"end":{"line":202,"column":2}}},"fnMap":{"0":{"name":"(anonymous_0)","decl":{"start":{"line":4,"column":29},"end":{"line":4,"column":30}},"loc":{"start":{"line":4,"column":55},"end":{"line":62,"column":1}},"line":4},"1":{"name":"(anonymous_1)","decl":{"start":{"line":65,"column":21},"end":{"line":65,"column":22}},"loc":{"start":{"line":65,"column":46},"end":{"line":121,"column":1}},"line":65},"2":{"name":"(anonymous_2)","decl":{"start":{"line":124,"column":24},"end":{"line":124,"column":25}},"loc":{"start":{"line":124,"column":38},"end":{"line":133,"column":1}},"line":124},"3":{"name":"(anonymous_3)","decl":{"start":{"line":136,"column":21},"end":{"line":136,"column":22}},"loc":{"start":{"line":136,"column":29},"end":{"line":138,"column":1}},"line":136},"4":{"name":"(anonymous_4)","decl":{"start":{"line":136,"column":29},"end":{"line":136,"column":30}},"loc":{"start":{"line":136,"column":49},"end":{"line":138,"column":1}},"line":136},"5":{"name":"(anonymous_5)","decl":{"start":{"line":142,"column":2},"end":{"line":142,"column":3}},"loc":{"start":{"line":142,"column":36},"end":{"line":148,"column":3}},"line":142},"6":{"name":"(anonymous_6)","decl":{"start":{"line":152,"column":2},"end":{"line":152,"column":3}},"loc":{"start":{"line":152,"column":47},"end":{"line":156,"column":3}},"line":152},"7":{"name":"(anonymous_7)","decl":{"start":{"line":160,"column":2},"end":{"line":160,"column":3}},"loc":{"start":{"line":160,"column":44},"end":{"line":164,"column":3}},"line":160},"8":{"name":"(anonymous_8)","decl":{"start":{"line":168,"column":2},"end":{"line":168,"column":3}},"loc":{"start":{"line":168,"column":46},"end":{"line":172,"column":3}},"line":168},"9":{"name":"(anonymous_9)","decl":{"start":{"line":176,"column":2},"end":{"line":176,"column":3}},"loc":{"start":{"line":176,"column":45},"end":{"line":180,"column":3}},"line":176},"10":{"name":"(anonymous_10)","decl":{"start":{"line":184,"column":2},"end":{"line":184,"column":3}},"loc":{"start":{"line":184,"column":45},"end":{"line":188,"column":3}},"line":184}},"branchMap":{"0":{"loc":{"start":{"line":6,"column":2},"end":{"line":8,"column":3}},"type":"if","locations":[{"start":{"line":6,"column":2},"end":{"line":8,"column":3}},{"start":{},"end":{}}],"line":6},"1":{"loc":{"start":{"line":6,"column":6},"end":{"line":6,"column":65}},"type":"binary-expr","locations":[{"start":{"line":6,"column":6},"end":{"line":6,"column":35}},{"start":{"line":6,"column":39},"end":{"line":6,"column":65}}],"line":6},"2":{"loc":{"start":{"line":10,"column":2},"end":{"line":12,"column":3}},"type":"if","locations":[{"start":{"line":10,"column":2},"end":{"line":12,"column":3}},{"start":{},"end":{}}],"line":10},"3":{"loc":{"start":{"line":14,"column":2},"end":{"line":16,"column":3}},"type":"if","locations":[{"start":{"line":14,"column":2},"end":{"line":16,"column":3}},{"start":{},"end":{}}],"line":14},"4":{"loc":{"start":{"line":18,"column":2},"end":{"line":20,"column":3}},"type":"if","locations":[{"start":{"line":18,"column":2},"end":{"line":20,"column":3}},{"start":{},"end":{}}],"line":18},"5":{"loc":{"start":{"line":23,"column":2},"end":{"line":25,"column":3}},"type":"if","locations":[{"start":{"line":23,"column":2},"end":{"line":25,"column":3}},{"start":{},"end":{}}],"line":23},"6":{"loc":{"start":{"line":27,"column":2},"end":{"line":29,"column":3}},"type":"if","locations":[{"start":{"line":27,"column":2},"end":{"line":29,"column":3}},{"start":{},"end":{}}],"line":27},"7":{"loc":{"start":{"line":32,"column":2},"end":{"line":34,"column":3}},"type":"if","locations":[{"start":{"line":32,"column":2},"end":{"line":34,"column":3}},{"start":{},"end":{}}],"line":32},"8":{"loc":{"start":{"line":37,"column":2},"end":{"line":39,"column":3}},"type":"if","locations":[{"start":{"line":37,"column":2},"end":{"line":39,"column":3}},{"start":{},"end":{}}],"line":37},"9":{"loc":{"start":{"line":41,"column":2},"end":{"line":43,"column":3}},"type":"if","locations":[{"start":{"line":41,"column":2},"end":{"line":43,"column":3}},{"start":{},"end":{}}],"line":41},"10":{"loc":{"start":{"line":46,"column":2},"end":{"line":48,"column":3}},"type":"if","locations":[{"start":{"line":46,"column":2},"end":{"line":48,"column":3}},{"start":{},"end":{}}],"line":46},"11":{"loc":{"start":{"line":51,"column":2},"end":{"line":53,"column":3}},"type":"if","locations":[{"start":{"line":51,"column":2},"end":{"line":53,"column":3}},{"start":{},"end":{}}],"line":51},"12":{"loc":{"start":{"line":51,"column":6},"end":{"line":51,"column":55}},"type":"binary-expr","locations":[{"start":{"line":51,"column":6},"end":{"line":51,"column":29}},{"start":{"line":51,"column":33},"end":{"line":51,"column":55}}],"line":51},"13":{"loc":{"start":{"line":56,"column":2},"end":{"line":58,"column":3}},"type":"if","locations":[{"start":{"line":56,"column":2},"end":{"line":58,"column":3}},{"start":{},"end":{}}],"line":56},"14":{"loc":{"start":{"line":57,"column":11},"end":{"line":57,"column":59}},"type":"binary-expr","locations":[{"start":{"line":57,"column":11},"end":{"line":57,"column":24}},{"start":{"line":57,"column":28},"end":{"line":57,"column":59}}],"line":57},"15":{"loc":{"start":{"line":67,"column":15},"end":{"line":67,"column":50}},"type":"binary-expr","locations":[{"start":{"line":67,"column":15},"end":{"line":67,"column":25}},{"start":{"line":67,"column":29},"end":{"line":67,"column":43}},{"start":{"line":67,"column":47},"end":{"line":67,"column":50}}],"line":67},"16":{"loc":{"start":{"line":84,"column":2},"end":{"line":96,"column":3}},"type":"if","locations":[{"start":{"line":84,"column":2},"end":{"line":96,"column":3}},{"start":{"line":86,"column":9},"end":{"line":96,"column":3}}],"line":84},"17":{"loc":{"start":{"line":84,"column":6},"end":{"line":84,"column":65}},"type":"binary-expr","locations":[{"start":{"line":84,"column":6},"end":{"line":84,"column":36}},{"start":{"line":84,"column":40},"end":{"line":84,"column":65}}],"line":84},"18":{"loc":{"start":{"line":86,"column":9},"end":{"line":96,"column":3}},"type":"if","locations":[{"start":{"line":86,"column":9},"end":{"line":96,"column":3}},{"start":{"line":88,"column":9},"end":{"line":96,"column":3}}],"line":86},"19":{"loc":{"start":{"line":88,"column":9},"end":{"line":96,"column":3}},"type":"if","locations":[{"start":{"line":88,"column":9},"end":{"line":96,"column":3}},{"start":{"line":90,"column":9},"end":{"line":96,"column":3}}],"line":88},"20":{"loc":{"start":{"line":90,"column":9},"end":{"line":96,"column":3}},"type":"if","locations":[{"start":{"line":90,"column":9},"end":{"line":96,"column":3}},{"start":{"line":92,"column":9},"end":{"line":96,"column":3}}],"line":90},"21":{"loc":{"start":{"line":92,"column":9},"end":{"line":96,"column":3}},"type":"if","locations":[{"start":{"line":92,"column":9},"end":{"line":96,"column":3}},{"start":{"line":94,"column":9},"end":{"line":96,"column":3}}],"line":92},"22":{"loc":{"start":{"line":94,"column":9},"end":{"line":96,"column":3}},"type":"if","locations":[{"start":{"line":94,"column":9},"end":{"line":96,"column":3}},{"start":{},"end":{}}],"line":94},"23":{"loc":{"start":{"line":108,"column":2},"end":{"line":112,"column":3}},"type":"if","locations":[{"start":{"line":108,"column":2},"end":{"line":112,"column":3}},{"start":{},"end":{}}],"line":108},"24":{"loc":{"start":{"line":111,"column":31},"end":{"line":111,"column":51}},"type":"binary-expr","locations":[{"start":{"line":111,"column":31},"end":{"line":111,"column":39}},{"start":{"line":111,"column":43},"end":{"line":111,"column":51}}],"line":111},"25":{"loc":{"start":{"line":115,"column":2},"end":{"line":117,"column":3}},"type":"if","locations":[{"start":{"line":115,"column":2},"end":{"line":117,"column":3}},{"start":{},"end":{}}],"line":115},"26":{"loc":{"start":{"line":142,"column":23},"end":{"line":142,"column":34}},"type":"default-arg","locations":[{"start":{"line":142,"column":32},"end":{"line":142,"column":34}}],"line":142},"27":{"loc":{"start":{"line":152,"column":14},"end":{"line":152,"column":45}},"type":"default-arg","locations":[{"start":{"line":152,"column":24},"end":{"line":152,"column":45}}],"line":152},"28":{"loc":{"start":{"line":160,"column":14},"end":{"line":160,"column":42}},"type":"default-arg","locations":[{"start":{"line":160,"column":24},"end":{"line":160,"column":42}}],"line":160},"29":{"loc":{"start":{"line":168,"column":14},"end":{"line":168,"column":44}},"type":"default-arg","locations":[{"start":{"line":168,"column":24},"end":{"line":168,"column":44}}],"line":168},"30":{"loc":{"start":{"line":176,"column":14},"end":{"line":176,"column":43}},"type":"default-arg","locations":[{"start":{"line":176,"column":24},"end":{"line":176,"column":43}}],"line":176},"31":{"loc":{"start":{"line":184,"column":14},"end":{"line":184,"column":43}},"type":"default-arg","locations":[{"start":{"line":184,"column":24},"end":{"line":184,"column":43}}],"line":184}},"s":{"0":0,"1":0,"2":0,"3":0,"4":0,"5":0,"6":0,"7":0,"8":0,"9":0,"10":0,"11":0,"12":0,"13":0,"14":0,"15":0,"16":0,"17":0,"18":0,"19":0,"20":0,"21":0,"22":0,"23":0,"24":0,"25":0,"26":0,"27":0,"28":0,"29":0,"30":0,"31":0,"32":0,"33":0,"34":0,"35":0,"36":0,"37":0,"38":0,"39":0,"40":0,"41":0,"42":0,"43":0,"44":0,"45":0,"46":0,"47":0,"48":0,"49":0,"50":0,"51":0,"52":0,"53":0,"54":0,"55":0,"56":0,"57":0,"58":0,"59":0,"60":0,"61":0,"62":0,"63":0,"64":0,"65":0,"66":0,"67":0,"68":0,"69":0,"70":0,"71":0,"72":0,"73":0,"74":0,"75":0,"76":0},"f":{"0":0,"1":0,"2":0,"3":0,"4":0,"5":0,"6":0,"7":0,"8":0,"9":0,"10":0},"b":{"0":[0,0],"1":[0,0],"2":[0,0],"3":[0,0],"4":[0,0],"5":[0,0],"6":[0,0],"7":[0,0],"8":[0,0],"9":[0,0],"10":[0,0],"11":[0,0],"12":[0,0],"13":[0,0],"14":[0,0],"15":[0,0,0],"16":[0,0],"17":[0,0],"18":[0,0],"19":[0,0],"20":[0,0],"21":[0,0],"22":[0,0],"23":[0,0],"24":[0,0],"25":[0,0],"26":[0],"27":[0],"28":[0],"29":[0],"30":[0],"31":[0]}}
,"C:\\Users\\benja\\projects\\medio\\backend\\src\\middleware\\rateLimiter.js": {"path":"C:\\Users\\benja\\projects\\medio\\backend\\src\\middleware\\rateLimiter.js","statementMap":{"0":{"start":{"line":1,"column":18},"end":{"line":1,"column":47}},"1":{"start":{"line":7,"column":35},"end":{"line":27,"column":2}},"2":{"start":{"line":18,"column":4},"end":{"line":18,"column":34}},"3":{"start":{"line":21,"column":23},"end":{"line":21,"column":74}},"4":{"start":{"line":22,"column":4},"end":{"line":25,"column":7}},"5":{"start":{"line":33,"column":31},"end":{"line":52,"column":2}},"6":{"start":{"line":43,"column":4},"end":{"line":43,"column":34}},"7":{"start":{"line":46,"column":23},"end":{"line":46,"column":74}},"8":{"start":{"line":47,"column":4},"end":{"line":50,"column":7}},"9":{"start":{"line":58,"column":30},"end":{"line":77,"column":2}},"10":{"start":{"line":68,"column":4},"end":{"line":68,"column":34}},"11":{"start":{"line":71,"column":23},"end":{"line":71,"column":74}},"12":{"start":{"line":72,"column":4},"end":{"line":75,"column":7}},"13":{"start":{"line":79,"column":0},"end":{"line":83,"column":2}}},"fnMap":{"0":{"name":"(anonymous_0)","decl":{"start":{"line":16,"column":16},"end":{"line":16,"column":17}},"loc":{"start":{"line":16,"column":25},"end":{"line":19,"column":3}},"line":16},"1":{"name":"(anonymous_1)","decl":{"start":{"line":20,"column":11},"end":{"line":20,"column":12}},"loc":{"start":{"line":20,"column":25},"end":{"line":26,"column":3}},"line":20},"2":{"name":"(anonymous_2)","decl":{"start":{"line":42,"column":16},"end":{"line":42,"column":17}},"loc":{"start":{"line":42,"column":25},"end":{"line":44,"column":3}},"line":42},"3":{"name":"(anonymous_3)","decl":{"start":{"line":45,"column":11},"end":{"line":45,"column":12}},"loc":{"start":{"line":45,"column":25},"end":{"line":51,"column":3}},"line":45},"4":{"name":"(anonymous_4)","decl":{"start":{"line":67,"column":16},"end":{"line":67,"column":17}},"loc":{"start":{"line":67,"column":25},"end":{"line":69,"column":3}},"line":67},"5":{"name":"(anonymous_5)","decl":{"start":{"line":70,"column":11},"end":{"line":70,"column":12}},"loc":{"start":{"line":70,"column":25},"end":{"line":76,"column":3}},"line":70}},"branchMap":{"0":{"loc":{"start":{"line":18,"column":11},"end":{"line":18,"column":33}},"type":"binary-expr","locations":[{"start":{"line":18,"column":11},"end":{"line":18,"column":23}},{"start":{"line":18,"column":27},"end":{"line":18,"column":33}}],"line":18},"1":{"loc":{"start":{"line":43,"column":11},"end":{"line":43,"column":33}},"type":"binary-expr","locations":[{"start":{"line":43,"column":11},"end":{"line":43,"column":23}},{"start":{"line":43,"column":27},"end":{"line":43,"column":33}}],"line":43},"2":{"loc":{"start":{"line":68,"column":11},"end":{"line":68,"column":33}},"type":"binary-expr","locations":[{"start":{"line":68,"column":11},"end":{"line":68,"column":23}},{"start":{"line":68,"column":27},"end":{"line":68,"column":33}}],"line":68}},"s":{"0":0,"1":0,"2":0,"3":0,"4":0,"5":0,"6":0,"7":0,"8":0,"9":0,"10":0,"11":0,"12":0,"13":0},"f":{"0":0,"1":0,"2":0,"3":0,"4":0,"5":0},"b":{"0":[0,0],"1":[0,0],"2":[0,0]}}
,"C:\\Users\\benja\\projects\\medio\\backend\\src\\middleware\\upload.js": {"path":"C:\\Users\\benja\\projects\\medio\\backend\\src\\middleware\\upload.js","statementMap":{"0":{"start":{"line":1,"column":15},"end":{"line":1,"column":32}},"1":{"start":{"line":2,"column":13},"end":{"line":2,"column":28}},"2":{"start":{"line":3,"column":11},"end":{"line":3,"column":24}},"3":{"start":{"line":4,"column":15},"end":{"line":4,"column":32}},"4":{"start":{"line":7,"column":18},"end":{"line":7,"column":53}},"5":{"start":{"line":8,"column":17},"end":{"line":8,"column":47}},"6":{"start":{"line":9,"column":21},"end":{"line":9,"column":55}},"7":{"start":{"line":11,"column":0},"end":{"line":15,"column":3}},"8":{"start":{"line":12,"column":2},"end":{"line":14,"column":3}},"9":{"start":{"line":13,"column":4},"end":{"line":13,"column":43}},"10":{"start":{"line":18,"column":25},"end":{"line":23,"column":1}},"11":{"start":{"line":26,"column":19},"end":{"line":30,"column":1}},"12":{"start":{"line":33,"column":16},"end":{"line":57,"column":2}},"13":{"start":{"line":35,"column":18},"end":{"line":35,"column":27}},"14":{"start":{"line":37,"column":4},"end":{"line":41,"column":5}},"15":{"start":{"line":38,"column":6},"end":{"line":38,"column":25}},"16":{"start":{"line":39,"column":11},"end":{"line":41,"column":5}},"17":{"start":{"line":40,"column":6},"end":{"line":40,"column":29}},"18":{"start":{"line":43,"column":4},"end":{"line":43,"column":22}},"19":{"start":{"line":47,"column":25},"end":{"line":47,"column":63}},"20":{"start":{"line":48,"column":16},"end":{"line":48,"column":47}},"21":{"start":{"line":49,"column":22},"end":{"line":49,"column":32}},"22":{"start":{"line":50,"column":26},"end":{"line":53,"column":23}},"23":{"start":{"line":55,"column":4},"end":{"line":55,"column":68}},"24":{"start":{"line":60,"column":19},"end":{"line":77,"column":1}},"25":{"start":{"line":62,"column":2},"end":{"line":74,"column":3}},"26":{"start":{"line":63,"column":4},"end":{"line":65,"column":5}},"27":{"start":{"line":64,"column":6},"end":{"line":64,"column":107}},"28":{"start":{"line":66,"column":9},"end":{"line":74,"column":3}},"29":{"start":{"line":67,"column":4},"end":{"line":69,"column":5}},"30":{"start":{"line":68,"column":6},"end":{"line":68,"column":108}},"31":{"start":{"line":70,"column":9},"end":{"line":74,"column":3}},"32":{"start":{"line":71,"column":4},"end":{"line":73,"column":5}},"33":{"start":{"line":72,"column":6},"end":{"line":72,"column":99}},"34":{"start":{"line":76,"column":2},"end":{"line":76,"column":17}},"35":{"start":{"line":80,"column":20},"end":{"line":87,"column":18}},"36":{"start":{"line":89,"column":24},"end":{"line":96,"column":22}},"37":{"start":{"line":98,"column":21},"end":{"line":105,"column":19}},"38":{"start":{"line":107,"column":33},"end":{"line":117,"column":2}},"39":{"start":{"line":120,"column":26},"end":{"line":154,"column":1}},"40":{"start":{"line":121,"column":2},"end":{"line":152,"column":3}},"41":{"start":{"line":122,"column":4},"end":{"line":145,"column":5}},"42":{"start":{"line":123,"column":26},"end":{"line":127,"column":7}},"43":{"start":{"line":128,"column":20},"end":{"line":128,"column":52}},"44":{"start":{"line":129,"column":6},"end":{"line":133,"column":9}},"45":{"start":{"line":134,"column":11},"end":{"line":145,"column":5}},"46":{"start":{"line":135,"column":6},"end":{"line":138,"column":9}},"47":{"start":{"line":139,"column":11},"end":{"line":145,"column":5}},"48":{"start":{"line":140,"column":6},"end":{"line":144,"column":9}},"49":{"start":{"line":146,"column":9},"end":{"line":152,"column":3}},"50":{"start":{"line":148,"column":4},"end":{"line":151,"column":7}},"51":{"start":{"line":153,"column":2},"end":{"line":153,"column":9}},"52":{"start":{"line":157,"column":28},"end":{"line":163,"column":1}},"53":{"start":{"line":158,"column":2},"end":{"line":162,"column":3}},"54":{"start":{"line":159,"column":4},"end":{"line":161,"column":7}},"55":{"start":{"line":160,"column":6},"end":{"line":160,"column":60}},"56":{"start":{"line":160,"column":15},"end":{"line":160,"column":60}},"57":{"start":{"line":166,"column":32},"end":{"line":176,"column":1}},"58":{"start":{"line":167,"column":2},"end":{"line":175,"column":3}},"59":{"start":{"line":168,"column":21},"end":{"line":168,"column":56}},"60":{"start":{"line":169,"column":4},"end":{"line":169,"column":39}},"61":{"start":{"line":170,"column":4},"end":{"line":170,"column":28}},"62":{"start":{"line":171,"column":4},"end":{"line":171,"column":16}},"63":{"start":{"line":173,"column":4},"end":{"line":173,"column":62}},"64":{"start":{"line":174,"column":4},"end":{"line":174,"column":17}},"65":{"start":{"line":179,"column":0},"end":{"line":181,"column":1}},"66":{"start":{"line":180,"column":2},"end":{"line":180,"column":86}},"67":{"start":{"line":183,"column":0},"end":{"line":192,"column":2}}},"fnMap":{"0":{"name":"(anonymous_0)","decl":{"start":{"line":11,"column":44},"end":{"line":11,"column":45}},"loc":{"start":{"line":11,"column":51},"end":{"line":15,"column":1}},"line":11},"1":{"name":"(anonymous_1)","decl":{"start":{"line":34,"column":15},"end":{"line":34,"column":16}},"loc":{"start":{"line":34,"column":34},"end":{"line":44,"column":3}},"line":34},"2":{"name":"(anonymous_2)","decl":{"start":{"line":45,"column":12},"end":{"line":45,"column":13}},"loc":{"start":{"line":45,"column":31},"end":{"line":56,"column":3}},"line":45},"3":{"name":"(anonymous_3)","decl":{"start":{"line":60,"column":19},"end":{"line":60,"column":20}},"loc":{"start":{"line":60,"column":38},"end":{"line":77,"column":1}},"line":60},"4":{"name":"(anonymous_4)","decl":{"start":{"line":120,"column":26},"end":{"line":120,"column":27}},"loc":{"start":{"line":120,"column":51},"end":{"line":154,"column":1}},"line":120},"5":{"name":"(anonymous_5)","decl":{"start":{"line":157,"column":28},"end":{"line":157,"column":29}},"loc":{"start":{"line":157,"column":42},"end":{"line":163,"column":1}},"line":157},"6":{"name":"(anonymous_6)","decl":{"start":{"line":159,"column":24},"end":{"line":159,"column":25}},"loc":{"start":{"line":159,"column":33},"end":{"line":161,"column":5}},"line":159},"7":{"name":"(anonymous_7)","decl":{"start":{"line":166,"column":32},"end":{"line":166,"column":33}},"loc":{"start":{"line":166,"column":38},"end":{"line":176,"column":1}},"line":166}},"branchMap":{"0":{"loc":{"start":{"line":7,"column":18},"end":{"line":7,"column":53}},"type":"binary-expr","locations":[{"start":{"line":7,"column":18},"end":{"line":7,"column":40}},{"start":{"line":7,"column":44},"end":{"line":7,"column":53}}],"line":7},"1":{"loc":{"start":{"line":12,"column":2},"end":{"line":14,"column":3}},"type":"if","locations":[{"start":{"line":12,"column":2},"end":{"line":14,"column":3}},{"start":{},"end":{}}],"line":12},"2":{"loc":{"start":{"line":19,"column":18},"end":{"line":19,"column":59}},"type":"binary-expr","locations":[{"start":{"line":19,"column":18},"end":{"line":19,"column":44}},{"start":{"line":19,"column":48},"end":{"line":19,"column":59}}],"line":19},"3":{"loc":{"start":{"line":20,"column":22},"end":{"line":20,"column":65}},"type":"binary-expr","locations":[{"start":{"line":20,"column":22},"end":{"line":20,"column":52}},{"start":{"line":20,"column":56},"end":{"line":20,"column":65}}],"line":20},"4":{"loc":{"start":{"line":21,"column":19},"end":{"line":21,"column":59}},"type":"binary-expr","locations":[{"start":{"line":21,"column":19},"end":{"line":21,"column":46}},{"start":{"line":21,"column":50},"end":{"line":21,"column":59}}],"line":21},"5":{"loc":{"start":{"line":22,"column":20},"end":{"line":22,"column":59}},"type":"binary-expr","locations":[{"start":{"line":22,"column":20},"end":{"line":22,"column":45}},{"start":{"line":22,"column":49},"end":{"line":22,"column":59}}],"line":22},"6":{"loc":{"start":{"line":37,"column":4},"end":{"line":41,"column":5}},"type":"if","locations":[{"start":{"line":37,"column":4},"end":{"line":41,"column":5}},{"start":{"line":39,"column":11},"end":{"line":41,"column":5}}],"line":37},"7":{"loc":{"start":{"line":39,"column":11},"end":{"line":41,"column":5}},"type":"if","locations":[{"start":{"line":39,"column":11},"end":{"line":41,"column":5}},{"start":{},"end":{}}],"line":39},"8":{"loc":{"start":{"line":39,"column":15},"end":{"line":39,"column":76}},"type":"binary-expr","locations":[{"start":{"line":39,"column":15},"end":{"line":39,"colu
[...]
,"C:\\Users\\benja\\projects\\medio\\backend\\src\\services\\platformService.js": {"path":"C:\\Users\\benja\\projects\\medio\\backend\\src\\services\\platformService.js","statementMap":{"0":{"start":{"line":1,"column":13},"end":{"line":1,"column":34}},"1":{"start":{"line":2,"column":15},"end":{"line":2,"column":41}},"2":{"start":{"line":20,"column":26},"end":{"line":36,"column":1}},"3":{"start":{"line":21,"column":2},"end":{"line":35,"column":3}},"4":{"start":{"line":22,"column":19},"end":{"line":25,"column":5}},"5":{"start":{"line":27,"column":4},"end":{"line":29,"column":5}},"6":{"start":{"line":28,"column":6},"end":{"line":28,"column":18}},"7":{"start":{"line":31,"column":4},"end":{"line":31,"column":26}},"8":{"start":{"line":33,"column":4},"end":{"line":33,"column":70}},"9":{"start":{"line":34,"column":4},"end":{"line":34,"column":66}},"10":{"start":{"line":43,"column":24},"end":{"line":54,"column":1}},"11":{"start":{"line":44,"column":2},"end":{"line":53,"column":3}},"12":{"start":{"line":45,"column":19},"end":{"line":47,"column":5}},"13":{"start":{"line":49,"column":4},"end":{"line":49,"column":23}},"14":{"start":{"line":51,"column":4},"end":{"line":51,"column":57}},"15":{"start":{"line":52,"column":4},"end":{"line":52,"column":67}},"16":{"start":{"line":56,"column":0},"end":{"line":59,"column":2}}},"fnMap":{"0":{"name":"(anonymous_0)","decl":{"start":{"line":20,"column":26},"end":{"line":20,"column":27}},"loc":{"start":{"line":20,"column":42},"end":{"line":36,"column":1}},"line":20},"1":{"name":"(anonymous_1)","decl":{"start":{"line":43,"column":24},"end":{"line":43,"column":25}},"loc":{"start":{"line":43,"column":36},"end":{"line":54,"column":1}},"line":43}},"branchMap":{"0":{"loc":{"start":{"line":27,"column":4},"end":{"line":29,"column":5}},"type":"if","locations":[{"start":{"line":27,"column":4},"end":{"line":29,"column":5}},{"start":{},"end":{}}],"line":27}},"s":{"0":0,"1":0,"2":0,"3":0,"4":0,"5":0,"6":0,"7":0,"8":0,"9":0,"10":0,"11":0,"12":0,"13":0,"14":0,"15":0,"16":0},"f":{"0":0,"1":0},"b":{"0":[0,0]}}
,"C:\\Users\\benja\\projects\\medio\\backend\\src\\utils\\crypto.js": {"path":"C:\\Users\\benja\\projects\\medio\\backend\\src\\utils\\crypto.js","statementMap":{"0":{"start":{"line":1,"column":15},"end":{"line":1,"column":32}},"1":{"start":{"line":9,"column":2},"end":{"line":9,"column":52}},"2":{"start":{"line":19,"column":2},"end":{"line":22,"column":3}},"3":{"start":{"line":20,"column":4},"end":{"line":20,"column":94}},"4":{"start":{"line":21,"column":4},"end":{"line":21,"column":17}},"5":{"start":{"line":25,"column":23},"end":{"line":28,"column":3}},"6":{"start":{"line":30,"column":22},"end":{"line":30,"column":42}},"7":{"start":{"line":31,"column":2},"end":{"line":36,"column":3}},"8":{"start":{"line":32,"column":4},"end":{"line":35,"column":5}},"9":{"start":{"line":33,"column":6},"end":{"line":33,"column":68}},"10":{"start":{"line":34,"column":6},"end":{"line":34,"column":19}},"11":{"start":{"line":38,"column":2},"end":{"line":38,"column":14}},"12":{"start":{"line":48,"column":2},"end":{"line":51,"column":3}},"13":{"start":{"line":49,"column":4},"end":{"line":49,"column":97}},"14":{"start":{"line":50,"column":4},"end":{"line":50,"column":17}},"15":{"start":{"line":54,"column":23},"end":{"line":57,"column":3}},"16":{"start":{"line":59,"column":22},"end":{"line":59,"column":42}},"17":{"start":{"line":60,"column":2},"end":{"line":65,"column":3}},"18":{"start":{"line":61,"column":4},"end":{"line":64,"column":5}},"19":{"start":{"line":62,"column":6},"end":{"line":62,"column":71}},"20":{"start":{"line":63,"column":6},"end":{"line":63,"column":19}},"21":{"start":{"line":67,"column":2},"end":{"line":67,"column":14}},"22":{"start":{"line":70,"column":0},"end":{"line":74,"column":2}}},"fnMap":{"0":{"name":"generateSecureSecret","decl":{"start":{"line":8,"column":9},"end":{"line":8,"column":29}},"loc":{"start":{"line":8,"column":43},"end":{"line":10,"column":1}},"line":8},"1":{"name":"validateJWTSecret","decl":{"start":{"line":17,"column":9},"end":{"line":17,"column":26}},"loc":{"start":{"line":17,"column":35},"end":{"line":39,"column":1}},"line":17},"2":{"name":"validateCookieSecret","decl":{"start":{"line":46,"column":9},"end":{"line":46,"column":29}},"loc":{"start":{"line":46,"column":38},"end":{"line":68,"column":1}},"line":46}},"branchMap":{"0":{"loc":{"start":{"line":8,"column":30},"end":{"line":8,"column":41}},"type":"default-arg","locations":[{"start":{"line":8,"column":39},"end":{"line":8,"column":41}}],"line":8},"1":{"loc":{"start":{"line":19,"column":2},"end":{"line":22,"column":3}},"type":"if","locations":[{"start":{"line":19,"column":2},"end":{"line":22,"column":3}},{"start":{},"end":{}}],"line":19},"2":{"loc":{"start":{"line":19,"column":6},"end":{"line":19,"column":35}},"type":"binary-expr","locations":[{"start":{"line":19,"column":6},"end":{"line":19,"column":13}},{"start":{"line":19,"column":17},"end":{"line":19,"column":35}}],"line":19},"3":{"loc":{"start":{"line":32,"column":4},"end":{"line":35,"column":5}},"type":"if","locations":[{"start":{"line":32,"column":4},"end":{"line":35,"column":5}},{"start":{},"end":{}}],"line":32},"4":{"loc":{"start":{"line":48,"column":2},"end":{"line":51,"column":3}},"type":"if","locations":[{"start":{"line":48,"column":2},"end":{"line":51,"column":3}},{"start":{},"end":{}}],"line":48},"5":{"loc":{"start":{"line":48,"column":6},"end":{"line":48,"column":35}},"type":"binary-expr","locations":[{"start":{"line":48,"column":6},"end":{"line":48,"column":13}},{"start":{"line":48,"column":17},"end":{"line":48,"column":35}}],"line":48},"6":{"loc":{"start":{"line":61,"column":4},"end":{"line":64,"column":5}},"type":"if","locations":[{"start":{"line":61,"column":4},"end":{"line":64,"column":5}},{"start":{},"end":{}}],"line":61}},"s":{"0":0,"1":0,"2":0,"3":0,"4":0,"5":0,"6":0,"7":0,"8":0,"9":0,"10":0,"11":0,"12":0,"13":0,"14":0,"15":0,"16":0,"17":0,"18":0,"19":0,"20":0,"21":0,"22":0},"f":{"0":0,"1":0,"2":0},"b":{"0":[0],"1":[0,0],"2":[0,0],"3":[0,0],"4":[0,0],"5":[0,0],"6":[0,0]}}
,"C:\\Users\\benja\\projects\\medio\\backend\\src\\utils\\logger.js": {"path":"C:\\Users\\benja\\projects\\medio\\backend\\src\\utils\\logger.js","statementMap":{"0":{"start":{"line":1,"column":16},"end":{"line":1,"column":34}},"1":{"start":{"line":3,"column":15},"end":{"line":9,"column":1}},"2":{"start":{"line":11,"column":15},"end":{"line":17,"column":1}},"3":{"start":{"line":19,"column":0},"end":{"line":19,"column":26}},"4":{"start":{"line":21,"column":15},"end":{"line":25,"column":1}},"5":{"start":{"line":24,"column":34},"end":{"line":24,"column":84}},"6":{"start":{"line":27,"column":19},"end":{"line":34,"column":1}},"7":{"start":{"line":36,"column":15},"end":{"line":42,"column":2}},"8":{"start":{"line":44,"column":0},"end":{"line":48,"column":2}},"9":{"start":{"line":46,"column":4},"end":{"line":46,"column":32}},"10":{"start":{"line":50,"column":0},"end":{"line":50,"column":24}}},"fnMap":{"0":{"name":"(anonymous_0)","decl":{"start":{"line":24,"column":24},"end":{"line":24,"column":25}},"loc":{"start":{"line":24,"column":34},"end":{"line":24,"column":84}},"line":24},"1":{"name":"(anonymous_1)","decl":{"start":{"line":45,"column":9},"end":{"line":45,"column":10}},"loc":{"start":{"line":45,"column":22},"end":{"line":47,"column":3}},"line":45}},"branchMap":{"0":{"loc":{"start":{"line":37,"column":9},"end":{"line":37,"column":93}},"type":"binary-expr","locations":[{"start":{"line":37,"column":9},"end":{"line":37,"column":30}},{"start":{"line":37,"column":35},"end":{"line":37,"column":92}}],"line":37},"1":{"loc":{"start":{"line":37,"column":35},"end":{"line":37,"column":92}},"type":"cond-expr","locations":[{"start":{"line":37,"column":76},"end":{"line":37,"column":83}},{"start":{"line":37,"column":86},"end":{"line":37,"column":92}}],"line":37}},"s":{"0":0,"1":0,"2":0,"3":0,"4":0,"5":0,"6":0,"7":0,"8":0,"9":0,"10":0},"f":{"0":0,"1":0},"b":{"0":[0,0],"1":[0,0]}}
,"C:\\Users\\benja\\projects\\medio\\backend\\src\\utils\\sentry.js": {"path":"C:\\Users\\benja\\projects\\medio\\backend\\src\\utils\\sentry.js","statementMap":{"0":{"start":{"line":1,"column":15},"end":{"line":1,"column":38}},"1":{"start":{"line":2,"column":27},"end":{"line":2,"column":58}},"2":{"start":{"line":6,"column":2},"end":{"line":9,"column":3}},"3":{"start":{"line":7,"column":4},"end":{"line":7,"column":70}},"4":{"start":{"line":8,"column":4},"end":{"line":8,"column":11}},"5":{"start":{"line":12,"column":2},"end":{"line":52,"column":5}},"6":{"start":{"line":24,"column":6},"end":{"line":39,"column":7}},"7":{"start":{"line":26,"column":8},"end":{"line":29,"column":9}},"8":{"start":{"line":27,"column":10},"end":{"line":27,"column":53}},"9":{"start":{"line":28,"column":10},"end":{"line":28,"column":46}},"10":{"start":{"line":31,"column":8},"end":{"line":38,"column":9}},"11":{"start":{"line":32,"column":34},"end":{"line":32,"column":86}},"12":{"start":{"line":33,"column":10},"end":{"line":37,"column":13}},"13":{"start":{"line":34,"column":12},"end":{"line":36,"column":13}},"14":{"start":{"line":35,"column":14},"end":{"line":35,"column":55}},"15":{"start":{"line":42,"column":6},"end":{"line":48,"column":7}},"16":{"start":{"line":43,"column":22},"end":{"line":43,"column":44}},"17":{"start":{"line":45,"column":8},"end":{"line":47,"column":9}},"18":{"start":{"line":46,"column":10},"end":{"line":46,"column":22}},"19":{"start":{"line":50,"column":6},"end":{"line":50,"column":19}},"20":{"start":{"line":55,"column":2},"end":{"line":55,"column":44}},"21":{"start":{"line":58,"column":2},"end":{"line":58,"column":44}},"22":{"start":{"line":60,"column":2},"end":{"line":60,"column":51}},"23":{"start":{"line":65,"column":2},"end":{"line":76,"column":3}},"24":{"start":{"line":66,"column":4},"end":{"line":75,"column":8}},"25":{"start":{"line":69,"column":8},"end":{"line":71,"column":9}},"26":{"start":{"line":70,"column":10},"end":{"line":70,"column":22}},"27":{"start":{"line":73,"column":8},"end":{"line":73,"column":29}},"28":{"start":{"line":79,"column":0},"end":{"line":86,"column":2}}},"fnMap":{"0":{"name":"initSentry","decl":{"start":{"line":4,"column":9},"end":{"line":4,"column":19}},"loc":{"start":{"line":4,"column":25},"end":{"line":61,"column":1}},"line":4},"1":{"name":"(anonymous_1)","decl":{"start":{"line":22,"column":4},"end":{"line":22,"column":5}},"loc":{"start":{"line":22,"column":28},"end":{"line":51,"column":5}},"line":22},"2":{"name":"(anonymous_2)","decl":{"start":{"line":33,"column":34},"end":{"line":33,"column":35}},"loc":{"start":{"line":33,"column":43},"end":{"line":37,"column":11}},"line":33},"3":{"name":"addSentryErrorHandler","decl":{"start":{"line":63,"column":9},"end":{"line":63,"column":30}},"loc":{"start":{"line":63,"column":36},"end":{"line":77,"column":1}},"line":63},"4":{"name":"(anonymous_4)","decl":{"start":{"line":67,"column":6},"end":{"line":67,"column":7}},"loc":{"start":{"line":67,"column":31},"end":{"line":74,"column":7}},"line":67}},"branchMap":{"0":{"loc":{"start":{"line":6,"column":2},"end":{"line":9,"column":3}},"type":"if","locations":[{"start":{"line":6,"column":2},"end":{"line":9,"column":3}},{"start":{},"end":{}}],"line":6},"1":{"loc":{"start":{"line":14,"column":17},"end":{"line":14,"column":88}},"type":"binary-expr","locations":[{"start":{"line":14,"column":17},"end":{"line":14,"column":47}},{"start":{"line":14,"column":51},"end":{"line":14,"column":71}},{"start":{"line":14,"column":75},"end":{"line":14,"column":88}}],"line":14},"2":{"loc":{"start":{"line":15,"column":33},"end":{"line":15,"column":72}},"type":"binary-expr","locations":[{"start":{"line":15,"column":33},"end":{"line":15,"column":63}},{"start":{"line":15,"column":67},"end":{"line":15,"column":72}}],"line":15},"3":{"loc":{"start":{"line":24,"column":6},"end":{"line":39,"column":7}},"type":"if","locations":[{"start":{"line":24,"column":6},"end":{"line":39,"column":7}},{"start":{},"end":{}}],"line":24},"4":{"loc":{"start":{"line":26,"column":8},"end":{"line":29,"column":9}},"type":"if","locations":[{"start":{"line":26,"column":8},"end":{"line":29,"column":9}},{"start":{},"end":{}}],"line":26},"5":{"loc":{"start":{"line":31,"column":8},"end":{"line":38,"column":9}},"type":"if","locations":[{"start":{"line":31,"column":8},"end":{"line":38,"column":9}},{"start":{},"end":{}}],"line":31},"6":{"loc":{"start":{"line":31,"column":12},"end":{"line":31,"column":72}},"type":"binary-expr","locations":[{"start":{"line":31,"column":12},"end":{"line":31,"column":30}},{"start":{"line":31,"column":34},"end":{"line":31,"column":72}}],"line":31},"7":{"loc":{"start":{"line":34,"column":12},"end":{"line":36,"column":13}},"type":"if","locations":[{"start":{"line":34,"column":12},"end":{"line":36,"column":13}},{"start":{},"end":{}}],"line":34},"8":{"loc":{"start":{"line":42,"column":6},"end":{"line":48,"column":7}},"type":"if","locations":[{"start":{"line":42,"column":6},"end":{"line":48,"column":7}},{"start":{},"end":{}}],"line":42},"9":{"loc":{"start":{"line":45,"column":8},"end":{"line":47,"column":9}},"type":"if","locations":[{"start":{"line":45,"column":8},"end":{"line":47,"column":9}},{"start":{},"end":{}}],"line":45},"10":{"loc":{"start":{"line":45,"column":12},"end":{"line":45,"column":74}},"type":"binary-expr","locations":[{"start":{"line":45,"column":12},"end":{"line":45,"column":17}},{"start":{"line":45,"column":21},"end":{"line":45,"column":34}},{"start":{"line":45,"column":38},"end":{"line":45,"column":74}}],"line":45},"11":{"loc":{"start":{"line":65,"column":2},"end":{"line":76,"column":3}},"type":"if","locations":[{"start":{"line":65,"column":2},"end":{"line":76,"column":3}},{"start":{},"end":{}}],"line":65},"12":{"loc":{"start":{"line":69,"column":8},"end":{"line":71,"column":9}},"type":"if","locations":[{"start":{"line":69,"column":8},"end":{"line":71,"column":9}},{"start":{},"end":{}}],"line":69}},"s":{"0":0,"1":0,"2":0,"3":0,"4":0,"5":0,"6":0,"7":0,"8":0,"9":0,"10":0,"11":0,"12":0,"13":0,"14":0,"15":0,"16":0,"17":0,"18":0,"19":0,"20":0,"21":0,"22":0,"23":0,"24":0,"25":0,"26":0,"27":0,"28":0},"f":{"0":0,"1":0,"2":0,"3":0,"4":0},"b":{"0":[0,0],"1":[0,0,0],"2":[0,0],"3":[0,0],"4":[0,0],"5":[0,0],"6":[0,0],"7":[0,0],"8":[0,0],"9":[0,0],"10":[0,0,0],"11":[0,0],"12":[0,0]}}
,"C:\\Users\\benja\\projects\\medio\\backend\\src\\utils\\urlValidator.js": {"path":"C:\\Users\\benja\\projects\\medio\\backend\\src\\utils\\urlValidator.js","statementMap":{"0":{"start":{"line":21,"column":24},"end":{"line":76,"column":1}},"1":{"start":{"line":22,"column":2},"end":{"line":24,"column":3}},"2":{"start":{"line":23,"column":4},"end":{"line":23,"column":17}},"3":{"start":{"line":26,"column":2},"end":{"line":75,"column":3}},"4":{"start":{"line":28,"column":22},"end":{"line":28,"column":34}},"5":{"start":{"line":29,"column":21},"end":{"line":29,"column":53}},"6":{"start":{"line":32,"column":25},"end":{"line":32,"column":88}},"7":{"start":{"line":33,"column":4},"end":{"line":45,"column":5}},"8":{"start":{"line":35,"column":6},"end":{"line":37,"column":7}},"9":{"start":{"line":36,"column":8},"end":{"line":36,"column":45}},"10":{"start":{"line":39,"column":6},"end":{"line":44,"column":7}},"11":{"start":{"line":40,"column":8},"end":{"line":43,"column":57}},"12":{"start":{"line":48,"column":23},"end":{"line":48,"column":73}},"13":{"start":{"line":49,"column":4},"end":{"line":53,"column":5}},"14":{"start":{"line":51,"column":24},"end":{"line":51,"column":79}},"15":{"start":{"line":51,"column":66},"end":{"line":51,"column":78}},"16":{"start":{"line":52,"column":6},"end":{"line":52,"column":83}},"17":{"start":{"line":56,"column":29},"end":{"line":56,"column":81}},"18":{"start":{"line":57,"column":4},"end":{"line":67,"column":5}},"19":{"start":{"line":59,"column":6},"end":{"line":61,"column":7}},"20":{"start":{"line":60,"column":8},"end":{"line":60,"column":45}},"21":{"start":{"line":63,"column":6},"end":{"line":66,"column":7}},"22":{"start":{"line":64,"column":8},"end":{"line":65,"column":60}},"23":{"start":{"line":70,"column":4},"end":{"line":70,"column":17}},"24":{"start":{"line":74,"column":4},"end":{"line":74,"column":17}},"25":{"start":{"line":78,"column":0},"end":{"line":80,"column":2}}},"fnMap":{"0":{"name":"(anonymous_0)","decl":{"start":{"line":21,"column":24},"end":{"line":21,"column":25}},"loc":{"start":{"line":21,"column":33},"end":{"line":76,"column":1}},"line":21},"1":{"name":"(anonymous_1)","decl":{"start":{"line":51,"column":61},"end":{"line":51,"column":62}},"loc":{"start":{"line":51,"column":66},"end":{"line":51,"column":78}},"line":51}},"branchMap":{"0":{"loc":{"start":{"line":22,"column":2},"end":{"line":24,"column":3}},"type":"if","locations":[{"start":{"line":22,"column":2},"end":{"line":24,"column":3}},{"start":{},"end":{}}],"line":22},"1":{"loc":{"start":{"line":22,"column":6},"end":{"line":22,"column":37}},"type":"binary-expr","locations":[{"start":{"line":22,"column":6},"end":{"line":22,"column":10}},{"start":{"line":22,"column":14},"end":{"line":22,"column":37}}],"line":22},"2":{"loc":{"start":{"line":33,"column":4},"end":{"line":45,"column":5}},"type":"if","locations":[{"start":{"line":33,"column":4},"end":{"line":45,"column":5}},{"start":{},"end":{}}],"line":33},"3":{"loc":{"start":{"line":35,"column":6},"end":{"line":37,"column":7}},"type":"if","locations":[{"start":{"line":35,"column":6},"end":{"line":37,"column":7}},{"start":{},"end":{}}],"line":35},"4":{"loc":{"start":{"line":39,"column":6},"end":{"line":44,"column":7}},"type":"if","locations":[{"start":{"line":39,"column":6},"end":{"line":44,"column":7}},{"start":{},"end":{}}],"line":39},"5":{"loc":{"start":{"line":40,"column":15},"end":{"line":43,"column":56}},"type":"binary-expr","locations":[{"start":{"line":40,"column":15},"end":{"line":40,"column":52}},{"start":{"line":41,"column":15},"end":{"line":41,"column":53}},{"start":{"line":42,"column":15},"end":{"line":42,"column":49}},{"start":{"line":43,"column":15},"end":{"line":43,"column":56}}],"line":40},"6":{"loc":{"start":{"line":49,"column":4},"end":{"line":53,"column":5}},"type":"if","locations":[{"start":{"line":49,"column":4},"end":{"line":53,"column":5}},{"start":{},"end":{}}],"line":49},"7":{"loc":{"start":{"line":52,"column":13},"end":{"line":52,"column":82}},"type":"binary-expr","locations":[{"start":{"line":52,"column":13},"end":{"line":52,"column":33}},{"start":{"line":52,"column":37},"end":{"line":52,"column":82}}],"line":52},"8":{"loc":{"start":{"line":57,"column":4},"end":{"line":67,"column":5}},"type":"if","locations":[{"start":{"line":57,"column":4},"end":{"line":67,"column":5}},{"start":{},"end":{}}],"line":57},"9":{"loc":{"start":{"line":59,"column":6},"end":{"line":61,"column":7}},"type":"if","locations":[{"start":{"line":59,"column":6},"end":{"line":61,"column":7}},{"start":{},"end":{}}],"line":59},"10":{"loc":{"start":{"line":63,"column":6},"end":{"line":66,"column":7}},"type":"if","locations":[{"start":{"line":63,"column":6},"end":{"line":66,"column":7}},{"start":{},"end":{}}],"line":63},"11":{"loc":{"start":{"line":64,"column":15},"end":{"line":65,"column":59}},"type":"binary-expr","locations":[{"start":{"line":64,"column":15},"end":{"line":64,"column":53}},{"start":{"line":65,"column":15},"end":{"line":65,"column":59}}],"line":64}},"s":{"0":0,"1":0,"2":0,"3":0,"4":0,"5":0,"6":0,"7":0,"8":0,"9":0,"10":0,"11":0,"12":0,"13":0,"14":0,"15":0,"16":0,"17":0,"18":0,"19":0,"20":0,"21":0,"22":0,"23":0,"24":0,"25":0},"f":{"0":0,"1":0},"b":{"0":[0,0],"1":[0,0],"2":[0,0],"3":[0,0],"4":[0,0],"5":[0,0,0,0],"6":[0,0],"7":[0,0],"8":[0,0],"9":[0,0],"10":[0,0],"11":[0,0]}}
}
